{"/home/travis/build/npmtest/node-npmtest-js-base64/test.js":{"path":"/home/travis/build/npmtest/node-npmtest-js-base64/test.js","s":{"1":2,"2":2,"3":2,"4":2,"5":2,"6":2,"7":2,"8":1,"9":2,"10":2,"11":1,"12":1,"13":1,"14":1,"15":2,"16":2,"17":2,"18":2,"19":1,"20":1,"21":2,"22":2,"23":2,"24":1,"25":1,"26":1,"27":1,"28":1,"29":1,"30":1,"31":1,"32":1,"33":1,"34":1,"35":1,"36":1,"37":1,"38":1,"39":2,"40":2,"41":1,"42":2,"43":2,"44":1,"45":2,"46":2,"47":1,"48":2,"49":2,"50":1,"51":1,"52":1,"53":1,"54":1},"b":{"1":[2,1,1,1],"2":[1,1,1,1],"3":[1,1],"4":[1,1],"5":[1,1],"6":[1,1],"7":[1,1],"8":[1,1],"9":[1,1],"10":[1,1,1],"11":[1,1],"12":[1,1],"13":[1,1],"14":[1,1],"15":[1,1],"16":[1,1],"17":[1,1]},"f":{"1":2,"2":2,"3":2,"4":2,"5":2,"6":1,"7":1,"8":1,"9":2,"10":2,"11":2,"12":2,"13":1},"fnMap":{"1":{"name":"(anonymous_1)","line":12,"loc":{"start":{"line":12,"column":1},"end":{"line":12,"column":13}}},"2":{"name":"(anonymous_2)","line":19,"loc":{"start":{"line":19,"column":5},"end":{"line":19,"column":17}}},"3":{"name":"(anonymous_3)","line":23,"loc":{"start":{"line":23,"column":24},"end":{"line":23,"column":36}}},"4":{"name":"(anonymous_4)","line":61,"loc":{"start":{"line":61,"column":5},"end":{"line":61,"column":17}}},"5":{"name":"(anonymous_5)","line":82,"loc":{"start":{"line":82,"column":5},"end":{"line":82,"column":17}}},"6":{"name":"(anonymous_6)","line":91,"loc":{"start":{"line":91,"column":77},"end":{"line":94,"column":10}}},"7":{"name":"(anonymous_7)","line":112,"loc":{"start":{"line":112,"column":83},"end":{"line":115,"column":10}},"skip":true},"8":{"name":"(anonymous_8)","line":123,"loc":{"start":{"line":123,"column":77},"end":{"line":126,"column":10}},"skip":true},"9":{"name":"(anonymous_9)","line":139,"loc":{"start":{"line":139,"column":12},"end":{"line":139,"column":40}},"skip":true},"10":{"name":"(anonymous_10)","line":147,"loc":{"start":{"line":147,"column":77},"end":{"line":150,"column":10}},"skip":true},"11":{"name":"(anonymous_11)","line":158,"loc":{"start":{"line":158,"column":83},"end":{"line":161,"column":10}},"skip":true},"12":{"name":"(anonymous_12)","line":169,"loc":{"start":{"line":169,"column":79},"end":{"line":172,"column":10}},"skip":true},"13":{"name":"(anonymous_13)","line":180,"loc":{"start":{"line":180,"column":75},"end":{"line":183,"column":10}},"skip":true}},"statementMap":{"1":{"start":{"line":12,"column":0},"end":{"line":195,"column":5}},"2":{"start":{"line":14,"column":4},"end":{"line":14,"column":14}},"3":{"start":{"line":19,"column":4},"end":{"line":56,"column":9}},"4":{"start":{"line":21,"column":8},"end":{"line":21,"column":19}},"5":{"start":{"line":23,"column":8},"end":{"line":35,"column":13}},"6":{"start":{"line":24,"column":12},"end":{"line":34,"column":13}},"7":{"start":{"line":25,"column":16},"end":{"line":28,"column":30}},"8":{"start":{"line":30,"column":16},"end":{"line":33,"column":27}},"9":{"start":{"line":37,"column":8},"end":{"line":39,"column":21}},"10":{"start":{"line":40,"column":8},"end":{"line":53,"column":9}},"11":{"start":{"line":43,"column":12},"end":{"line":46,"column":14}},"12":{"start":{"line":47,"column":12},"end":{"line":47,"column":18}},"13":{"start":{"line":50,"column":12},"end":{"line":51,"column":46}},"14":{"start":{"line":52,"column":12},"end":{"line":52,"column":18}},"15":{"start":{"line":55,"column":8},"end":{"line":55,"column":35}},"16":{"start":{"line":61,"column":4},"end":{"line":63,"column":9}},"17":{"start":{"line":62,"column":8},"end":{"line":62,"column":15}},"18":{"start":{"line":64,"column":4},"end":{"line":77,"column":5}},"19":{"start":{"line":70,"column":8},"end":{"line":70,"column":14}},"20":{"start":{"line":76,"column":8},"end":{"line":76,"column":14}},"21":{"start":{"line":82,"column":4},"end":{"line":84,"column":9}},"22":{"start":{"line":83,"column":8},"end":{"line":83,"column":15}},"23":{"start":{"line":85,"column":4},"end":{"line":194,"column":5}},"24":{"start":{"line":91,"column":8},"end":{"line":99,"column":10}},"25":{"start":{"line":98,"column":12},"end":{"line":98,"column":35}},"26":{"start":{"line":102,"column":8},"end":{"line":104,"column":63}},"27":{"start":{"line":105,"column":8},"end":{"line":105,"column":14}},"28":{"start":{"line":112,"column":8},"end":{"line":121,"column":10},"skip":true},"29":{"start":{"line":119,"column":12},"end":{"line":119,"column":55},"skip":true},"30":{"start":{"line":120,"column":12},"end":{"line":120,"column":48},"skip":true},"31":{"start":{"line":123,"column":8},"end":{"line":136,"column":10},"skip":true},"32":{"start":{"line":130,"column":12},"end":{"line":130,"column":76},"skip":true},"33":{"start":{"line":131,"column":12},"end":{"line":131,"column":73},"skip":true},"34":{"start":{"line":132,"column":12},"end":{"line":132,"column":74},"skip":true},"35":{"start":{"line":133,"column":12},"end":{"line":133,"column":79},"skip":true},"36":{"start":{"line":134,"column":12},"end":{"line":134,"column":25},"skip":true},"37":{"start":{"line":135,"column":12},"end":{"line":135,"column":45},"skip":true},"38":{"start":{"line":138,"column":8},"end":{"line":145,"column":14},"skip":true},"39":{"start":{"line":143,"column":16},"end":{"line":143,"column":29},"skip":true},"40":{"start":{"line":144,"column":16},"end":{"line":144,"column":55},"skip":true},"41":{"start":{"line":147,"column":8},"end":{"line":156,"column":10},"skip":true},"42":{"start":{"line":154,"column":12},"end":{"line":154,"column":25},"skip":true},"43":{"start":{"line":155,"column":12},"end":{"line":155,"column":45},"skip":true},"44":{"start":{"line":158,"column":8},"end":{"line":167,"column":10},"skip":true},"45":{"start":{"line":165,"column":12},"end":{"line":165,"column":25},"skip":true},"46":{"start":{"line":166,"column":12},"end":{"line":166,"column":48},"skip":true},"47":{"start":{"line":169,"column":8},"end":{"line":178,"column":10},"skip":true},"48":{"start":{"line":176,"column":12},"end":{"line":176,"column":25},"skip":true},"49":{"start":{"line":177,"column":12},"end":{"line":177,"column":46},"skip":true},"50":{"start":{"line":180,"column":8},"end":{"line":189,"column":10},"skip":true},"51":{"start":{"line":187,"column":12},"end":{"line":187,"column":94},"skip":true},"52":{"start":{"line":188,"column":12},"end":{"line":188,"column":48},"skip":true},"53":{"start":{"line":192,"column":8},"end":{"line":192,"column":35},"skip":true},"54":{"start":{"line":193,"column":8},"end":{"line":193,"column":14},"skip":true}},"branchMap":{"1":{"line":25,"type":"binary-expr","locations":[{"start":{"line":25,"column":23},"end":{"line":25,"column":62}},{"start":{"line":26,"column":20},"end":{"line":26,"column":70}},{"start":{"line":27,"column":20},"end":{"line":27,"column":71}},{"start":{"line":28,"column":20},"end":{"line":28,"column":29}}]},"2":{"line":30,"type":"binary-expr","locations":[{"start":{"line":30,"column":23},"end":{"line":30,"column":37}},{"start":{"line":31,"column":20},"end":{"line":31,"column":61}},{"start":{"line":32,"column":20},"end":{"line":32,"column":70}},{"start":{"line":33,"column":20},"end":{"line":33,"column":26}}]},"3":{"line":37,"type":"cond-expr","locations":[{"start":{"line":38,"column":14},"end":{"line":38,"column":20}},{"start":{"line":39,"column":14},"end":{"line":39,"column":20}}]},"4":{"line":40,"type":"switch","locations":[{"start":{"line":42,"column":8},"end":{"line":47,"column":18}},{"start":{"line":49,"column":8},"end":{"line":52,"column":18}}]},"5":{"line":44,"type":"binary-expr","locations":[{"start":{"line":44,"column":16},"end":{"line":44,"column":44}},{"start":{"line":44,"column":48},"end":{"line":44,"column":66}}]},"6":{"line":50,"type":"binary-expr","locations":[{"start":{"line":50,"column":21},"end":{"line":50,"column":49}},{"start":{"line":50,"column":53},"end":{"line":50,"column":72}}]},"7":{"line":64,"type":"switch","locations":[{"start":{"line":69,"column":4},"end":{"line":70,"column":14}},{"start":{"line":75,"column":4},"end":{"line":76,"column":14}}]},"8":{"line":85,"type":"switch","locations":[{"start":{"line":90,"column":4},"end":{"line":105,"column":14}},{"start":{"line":111,"column":4},"end":{"line":193,"column":14},"skip":true}]},"9":{"line":91,"type":"binary-expr","locations":[{"start":{"line":91,"column":42},"end":{"line":91,"column":73}},{"start":{"line":91,"column":77},"end":{"line":99,"column":9}}]},"10":{"line":102,"type":"binary-expr","locations":[{"start":{"line":102,"column":18},"end":{"line":102,"column":32}},{"start":{"line":103,"column":12},"end":{"line":103,"column":53}},{"start":{"line":104,"column":12},"end":{"line":104,"column":61}}]},"11":{"line":112,"type":"binary-expr","locations":[{"start":{"line":112,"column":45},"end":{"line":112,"column":79},"skip":true},{"start":{"line":112,"column":83},"end":{"line":121,"column":9},"skip":true}]},"12":{"line":123,"type":"binary-expr","locations":[{"start":{"line":123,"column":42},"end":{"line":123,"column":73},"skip":true},{"start":{"line":123,"column":77},"end":{"line":136,"column":9},"skip":true}]},"13":{"line":138,"type":"binary-expr","locations":[{"start":{"line":138,"column":48},"end":{"line":138,"column":85},"skip":true},{"start":{"line":139,"column":12},"end":{"line":145,"column":13},"skip":true}]},"14":{"line":147,"type":"binary-expr","locations":[{"start":{"line":147,"column":42},"end":{"line":147,"column":73},"skip":true},{"start":{"line":147,"column":77},"end":{"line":156,"column":9},"skip":true}]},"15":{"line":158,"type":"binary-expr","locations":[{"start":{"line":158,"column":45},"end":{"line":158,"column":79},"skip":true},{"start":{"line":158,"column":83},"end":{"line":167,"column":9},"skip":true}]},"16":{"line":169,"type":"binary-expr","locations":[{"start":{"line":169,"column":43},"end":{"line":169,"column":75},"skip":true},{"start":{"line":169,"column":79},"end":{"line":178,"column":9},"skip":true}]},"17":{"line":180,"type":"binary-expr","locations":[{"start":{"line":180,"column":41},"end":{"line":180,"column":71},"skip":true},{"start":{"line":180,"column":75},"end":{"line":189,"column":9},"skip":true}]}},"code":["/* istanbul instrument in package npmtest_js_base64 */","/*jslint","    bitwise: true,","    browser: true,","    maxerr: 8,","    maxlen: 96,","    node: true,","    nomen: true,","    regexp: true,","    stupid: true","*/","(function () {","    'use strict';","    var local;","","","","    // run shared js-env code - pre-init","    (function () {","        // init local","        local = {};","        // init modeJs","        local.modeJs = (function () {","            try {","                return typeof navigator.userAgent === 'string' &&","                    typeof document.querySelector('body') === 'object' &&","                    typeof XMLHttpRequest.prototype.open === 'function' &&","                    'browser';","            } catch (errorCaughtBrowser) {","                return module.exports &&","                    typeof process.versions.node === 'string' &&","                    typeof require('http').createServer === 'function' &&","                    'node';","            }","        }());","        // init global","        local.global = local.modeJs === 'browser'","            ? window","            : global;","        switch (local.modeJs) {","        // re-init local from window.local","        case 'browser':","            local = local.global.utility2.objectSetDefault(","                local.global.utility2_rollup || local.global.local,","                local.global.utility2","            );","            break;","        // re-init local from example.js","        case 'node':","            local = (local.global.utility2_rollup || require('utility2'))","                .requireExampleJsFromReadme();","            break;","        }","        // export local","        local.global.local = local;","    }());","","","","    // run shared js-env code - function","    (function () {","        return;","    }());","    switch (local.modeJs) {","","","","    // run browser js-env code - function","    case 'browser':","        break;","","","","    // run node js-env code - function","    case 'node':","        break;","    }","","","","    // run shared js-env code - post-init","    (function () {","        return;","    }());","    switch (local.modeJs) {","","","","    // run browser js-env code - post-init","    case 'browser':","        local.testCase_browser_nullCase = local.testCase_browser_nullCase || function (","            options,","            onError","        ) {","        /*","         * this function will test browsers's null-case handling-behavior-behavior","         */","            onError(null, options);","        };","","        // run tests","        local.nop(local.modeTest &&","            document.querySelector('#testRunButton1') &&","            document.querySelector('#testRunButton1').click());","        break;","","","","    // run node js-env code - post-init","    /* istanbul ignore next */","    case 'node':","        local.testCase_buildApidoc_default = local.testCase_buildApidoc_default || function (","            options,","            onError","        ) {","        /*","         * this function will test buildApidoc's default handling-behavior-behavior","         */","            options = { modulePathList: module.paths };","            local.buildApidoc(options, onError);","        };","","        local.testCase_buildApp_default = local.testCase_buildApp_default || function (","            options,","            onError","        ) {","        /*","         * this function will test buildApp's default handling-behavior-behavior","         */","            local.testCase_buildReadme_default(options, local.onErrorThrow);","            local.testCase_buildLib_default(options, local.onErrorThrow);","            local.testCase_buildTest_default(options, local.onErrorThrow);","            local.testCase_buildCustomOrg_default(options, local.onErrorThrow);","            options = [];","            local.buildApp(options, onError);","        };","","        local.testCase_buildCustomOrg_default = local.testCase_buildCustomOrg_default ||","            function (options, onError) {","            /*","             * this function will test buildCustomOrg's default handling-behavior","             */","                options = {};","                local.buildCustomOrg(options, onError);","            };","","        local.testCase_buildLib_default = local.testCase_buildLib_default || function (","            options,","            onError","        ) {","        /*","         * this function will test buildLib's default handling-behavior","         */","            options = {};","            local.buildLib(options, onError);","        };","","        local.testCase_buildReadme_default = local.testCase_buildReadme_default || function (","            options,","            onError","        ) {","        /*","         * this function will test buildReadme's default handling-behavior-behavior","         */","            options = {};","            local.buildReadme(options, onError);","        };","","        local.testCase_buildTest_default = local.testCase_buildTest_default || function (","            options,","            onError","        ) {","        /*","         * this function will test buildTest's default handling-behavior","         */","            options = {};","            local.buildTest(options, onError);","        };","","        local.testCase_webpage_default = local.testCase_webpage_default || function (","            options,","            onError","        ) {","        /*","         * this function will test webpage's default handling-behavior","         */","            options = { modeCoverageMerge: true, url: local.serverLocalHost + '?modeTest=1' };","            local.browserTest(options, onError);","        };","","        // run test-server","        local.testRunServer(local);","        break;","    }","}());",""],"l":{"12":2,"14":2,"19":2,"21":2,"23":2,"24":2,"25":2,"30":1,"37":2,"40":2,"43":1,"47":1,"50":1,"52":1,"55":2,"61":2,"62":2,"64":2,"70":1,"76":1,"82":2,"83":2,"85":2,"91":1,"98":1,"102":1,"105":1,"112":1,"119":1,"120":1,"123":1,"130":1,"131":1,"132":1,"133":1,"134":1,"135":1,"138":1,"143":2,"144":2,"147":1,"154":2,"155":2,"158":1,"165":2,"166":2,"169":1,"176":2,"177":2,"180":1,"187":1,"188":1,"192":1,"193":1}},"/home/travis/build/npmtest/node-npmtest-js-base64/lib.npmtest_js_base64.js":{"path":"/home/travis/build/npmtest/node-npmtest-js-base64/lib.npmtest_js_base64.js","s":{"1":2,"2":2,"3":2,"4":2,"5":2,"6":2,"7":2,"8":1,"9":2,"10":2,"11":2,"12":2,"13":1,"14":1,"15":1,"16":1},"b":{"1":[2,1,1,1],"2":[1,1,1,1],"3":[1,1],"4":[2,2],"5":[1,1]},"f":{"1":2,"2":2,"3":2},"fnMap":{"1":{"name":"(anonymous_1)","line":12,"loc":{"start":{"line":12,"column":1},"end":{"line":12,"column":13}}},"2":{"name":"(anonymous_2)","line":19,"loc":{"start":{"line":19,"column":5},"end":{"line":19,"column":17}}},"3":{"name":"(anonymous_3)","line":23,"loc":{"start":{"line":23,"column":24},"end":{"line":23,"column":36}}}},"statementMap":{"1":{"start":{"line":12,"column":0},"end":{"line":53,"column":5}},"2":{"start":{"line":14,"column":4},"end":{"line":14,"column":14}},"3":{"start":{"line":19,"column":4},"end":{"line":52,"column":9}},"4":{"start":{"line":21,"column":8},"end":{"line":21,"column":19}},"5":{"start":{"line":23,"column":8},"end":{"line":35,"column":13}},"6":{"start":{"line":24,"column":12},"end":{"line":34,"column":13}},"7":{"start":{"line":25,"column":16},"end":{"line":28,"column":30}},"8":{"start":{"line":30,"column":16},"end":{"line":33,"column":27}},"9":{"start":{"line":37,"column":8},"end":{"line":39,"column":21}},"10":{"start":{"line":41,"column":8},"end":{"line":41,"column":54}},"11":{"start":{"line":43,"column":8},"end":{"line":43,"column":54}},"12":{"start":{"line":45,"column":8},"end":{"line":51,"column":9}},"13":{"start":{"line":46,"column":12},"end":{"line":46,"column":60}},"14":{"start":{"line":48,"column":12},"end":{"line":48,"column":35}},"15":{"start":{"line":49,"column":12},"end":{"line":49,"column":49}},"16":{"start":{"line":50,"column":12},"end":{"line":50,"column":43}}},"branchMap":{"1":{"line":25,"type":"binary-expr","locations":[{"start":{"line":25,"column":23},"end":{"line":25,"column":62}},{"start":{"line":26,"column":20},"end":{"line":26,"column":70}},{"start":{"line":27,"column":20},"end":{"line":27,"column":71}},{"start":{"line":28,"column":20},"end":{"line":28,"column":29}}]},"2":{"line":30,"type":"binary-expr","locations":[{"start":{"line":30,"column":23},"end":{"line":30,"column":37}},{"start":{"line":31,"column":20},"end":{"line":31,"column":61}},{"start":{"line":32,"column":20},"end":{"line":32,"column":70}},{"start":{"line":33,"column":20},"end":{"line":33,"column":26}}]},"3":{"line":37,"type":"cond-expr","locations":[{"start":{"line":38,"column":14},"end":{"line":38,"column":20}},{"start":{"line":39,"column":14},"end":{"line":39,"column":20}}]},"4":{"line":41,"type":"binary-expr","locations":[{"start":{"line":41,"column":16},"end":{"line":41,"column":44}},{"start":{"line":41,"column":48},"end":{"line":41,"column":53}}]},"5":{"line":45,"type":"if","locations":[{"start":{"line":45,"column":8},"end":{"line":45,"column":8}},{"start":{"line":45,"column":8},"end":{"line":45,"column":8}}]}},"code":["/* istanbul instrument in package npmtest_js_base64 */","/*jslint","    bitwise: true,","    browser: true,","    maxerr: 8,","    maxlen: 96,","    node: true,","    nomen: true,","    regexp: true,","    stupid: true","*/","(function () {","    'use strict';","    var local;","","","","    // run shared js-env code - pre-init","    (function () {","        // init local","        local = {};","        // init modeJs","        local.modeJs = (function () {","            try {","                return typeof navigator.userAgent === 'string' &&","                    typeof document.querySelector('body') === 'object' &&","                    typeof XMLHttpRequest.prototype.open === 'function' &&","                    'browser';","            } catch (errorCaughtBrowser) {","                return module.exports &&","                    typeof process.versions.node === 'string' &&","                    typeof require('http').createServer === 'function' &&","                    'node';","            }","        }());","        // init global","        local.global = local.modeJs === 'browser'","            ? window","            : global;","        // init utility2_rollup","        local = local.global.utility2_rollup || local;","        // init lib","        local.local = local.npmtest_js_base64 = local;","        // init exports","        if (local.modeJs === 'browser') {","            local.global.utility2_npmtest_js_base64 = local;","        } else {","            module.exports = local;","            module.exports.__dirname = __dirname;","            module.exports.module = module;","        }","    }());","}());",""],"l":{"12":2,"14":2,"19":2,"21":2,"23":2,"24":2,"25":2,"30":1,"37":2,"41":2,"43":2,"45":2,"46":1,"48":1,"49":1,"50":1}},"/home/travis/build/npmtest/node-npmtest-js-base64/example.js":{"path":"/home/travis/build/npmtest/node-npmtest-js-base64/example.js","s":{"1":2,"2":2,"3":2,"4":2,"5":2,"6":2,"7":2,"8":1,"9":2,"10":2,"11":2,"12":2,"13":1,"14":2,"15":2,"16":2,"17":2,"18":2,"19":0,"20":2,"21":1,"22":1,"23":1,"24":1,"25":1,"26":0,"27":0,"28":1,"29":1,"30":2,"31":0,"32":0,"33":0,"34":1,"35":2,"36":2,"37":3,"38":3,"39":3,"40":3,"41":0,"42":3,"43":3,"44":3,"45":1,"46":3,"47":1,"48":1,"49":1,"50":1,"51":1,"52":1,"53":1,"54":1,"55":1,"56":1,"57":0,"58":1,"59":6,"60":6,"61":1,"62":2,"63":0,"64":2,"65":1,"66":1,"67":0,"68":0,"69":0,"70":0,"71":0,"72":0,"73":0,"74":0,"75":0,"76":0,"77":0,"78":0,"79":0,"80":0,"81":0,"82":0,"83":0},"b":{"1":[2,1,1,1],"2":[1,1,1,1],"3":[1,1],"4":[2,2],"5":[1,1],"6":[1,1],"7":[2,0],"8":[2,1,1,1,1,1],"9":[0,2,0],"10":[1,1],"11":[2,1,1],"12":[1,0],"13":[0,2],"14":[2,0,0,0,0,0,0],"15":[0,3],"16":[3,0],"17":[1,1],"18":[0,1],"19":[1,2,0,2],"20":[1,0],"21":[1,1],"22":[0,0],"23":[0,0],"24":[0,0],"25":[0,0],"26":[0,0],"27":[0,0],"28":[0,0]},"f":{"1":2,"2":2,"3":2,"4":2,"5":2,"6":2,"7":3,"8":3,"9":3,"10":1,"11":6,"12":0},"fnMap":{"1":{"name":"(anonymous_1)","line":26,"loc":{"start":{"line":26,"column":1},"end":{"line":26,"column":13}}},"2":{"name":"(anonymous_2)","line":33,"loc":{"start":{"line":33,"column":5},"end":{"line":33,"column":17}}},"3":{"name":"(anonymous_3)","line":37,"loc":{"start":{"line":37,"column":24},"end":{"line":37,"column":36}}},"4":{"name":"(anonymous_4)","line":69,"loc":{"start":{"line":69,"column":31},"end":{"line":69,"column":48}},"skip":true},"5":{"name":"(anonymous_5)","line":78,"loc":{"start":{"line":78,"column":26},"end":{"line":78,"column":45}},"skip":true},"6":{"name":"(anonymous_6)","line":123,"loc":{"start":{"line":123,"column":33},"end":{"line":123,"column":48}},"skip":true},"7":{"name":"(anonymous_7)","line":125,"loc":{"start":{"line":125,"column":27},"end":{"line":125,"column":39}},"skip":true},"8":{"name":"(anonymous_8)","line":133,"loc":{"start":{"line":133,"column":59},"end":{"line":133,"column":74}},"skip":true},"9":{"name":"(anonymous_9)","line":143,"loc":{"start":{"line":143,"column":45},"end":{"line":143,"column":62}},"skip":true},"10":{"name":"(anonymous_10)","line":144,"loc":{"start":{"line":144,"column":73},"end":{"line":144,"column":92}},"skip":true},"11":{"name":"(anonymous_11)","line":272,"loc":{"start":{"line":272,"column":51},"end":{"line":272,"column":77}},"skip":true},"12":{"name":"(anonymous_12)","line":315,"loc":{"start":{"line":315,"column":32},"end":{"line":315,"column":61}},"skip":true}},"statementMap":{"1":{"start":{"line":26,"column":0},"end":{"line":326,"column":5}},"2":{"start":{"line":28,"column":4},"end":{"line":28,"column":14}},"3":{"start":{"line":33,"column":4},"end":{"line":60,"column":9}},"4":{"start":{"line":35,"column":8},"end":{"line":35,"column":19}},"5":{"start":{"line":37,"column":8},"end":{"line":49,"column":13}},"6":{"start":{"line":38,"column":12},"end":{"line":48,"column":13}},"7":{"start":{"line":39,"column":16},"end":{"line":42,"column":30}},"8":{"start":{"line":44,"column":16},"end":{"line":47,"column":27}},"9":{"start":{"line":51,"column":8},"end":{"line":53,"column":21}},"10":{"start":{"line":55,"column":8},"end":{"line":57,"column":45}},"11":{"start":{"line":59,"column":8},"end":{"line":59,"column":35}},"12":{"start":{"line":61,"column":4},"end":{"line":325,"column":5}},"13":{"start":{"line":69,"column":8},"end":{"line":121,"column":10},"skip":true},"14":{"start":{"line":70,"column":12},"end":{"line":88,"column":13},"skip":true},"15":{"start":{"line":76,"column":16},"end":{"line":87,"column":19},"skip":true},"16":{"start":{"line":79,"column":20},"end":{"line":86,"column":21},"skip":true},"17":{"start":{"line":82,"column":24},"end":{"line":82,"column":43},"skip":true},"18":{"start":{"line":83,"column":24},"end":{"line":83,"column":30},"skip":true},"19":{"start":{"line":85,"column":24},"end":{"line":85,"column":49},"skip":true},"20":{"start":{"line":89,"column":12},"end":{"line":107,"column":13},"skip":true},"21":{"start":{"line":92,"column":16},"end":{"line":102,"column":17},"skip":true},"22":{"start":{"line":93,"column":20},"end":{"line":93,"column":86},"skip":true},"23":{"start":{"line":94,"column":20},"end":{"line":95,"column":45},"skip":true},"24":{"start":{"line":96,"column":20},"end":{"line":96,"column":42},"skip":true},"25":{"start":{"line":97,"column":20},"end":{"line":97,"column":48},"skip":true},"26":{"start":{"line":100,"column":20},"end":{"line":100,"column":85},"skip":true},"27":{"start":{"line":101,"column":20},"end":{"line":101,"column":96},"skip":true},"28":{"start":{"line":103,"column":16},"end":{"line":103,"column":22},"skip":true},"29":{"start":{"line":106,"column":16},"end":{"line":106,"column":22},"skip":true},"30":{"start":{"line":108,"column":12},"end":{"line":120,"column":13},"skip":true},"31":{"start":{"line":114,"column":16},"end":{"line":119,"column":17},"skip":true},"32":{"start":{"line":116,"column":20},"end":{"line":116,"column":78},"skip":true},"33":{"start":{"line":118,"column":20},"end":{"line":118,"column":47},"skip":true},"34":{"start":{"line":123,"column":8},"end":{"line":141,"column":11},"skip":true},"35":{"start":{"line":124,"column":12},"end":{"line":124,"column":54},"skip":true},"36":{"start":{"line":125,"column":12},"end":{"line":140,"column":14},"skip":true},"37":{"start":{"line":126,"column":16},"end":{"line":126,"column":28},"skip":true},"38":{"start":{"line":127,"column":16},"end":{"line":127,"column":69},"skip":true},"39":{"start":{"line":128,"column":16},"end":{"line":128,"column":75},"skip":true},"40":{"start":{"line":129,"column":16},"end":{"line":131,"column":17},"skip":true},"41":{"start":{"line":130,"column":20},"end":{"line":130,"column":27},"skip":true},"42":{"start":{"line":133,"column":16},"end":{"line":137,"column":36},"skip":true},"43":{"start":{"line":134,"column":20},"end":{"line":136,"column":55},"skip":true},"44":{"start":{"line":139,"column":16},"end":{"line":139,"column":57},"skip":true},"45":{"start":{"line":143,"column":8},"end":{"line":147,"column":11},"skip":true},"46":{"start":{"line":144,"column":12},"end":{"line":146,"column":15},"skip":true},"47":{"start":{"line":145,"column":16},"end":{"line":145,"column":70},"skip":true},"48":{"start":{"line":149,"column":8},"end":{"line":149,"column":31},"skip":true},"49":{"start":{"line":150,"column":8},"end":{"line":150,"column":14},"skip":true},"50":{"start":{"line":158,"column":8},"end":{"line":158,"column":31},"skip":true},"51":{"start":{"line":160,"column":8},"end":{"line":160,"column":33},"skip":true},"52":{"start":{"line":161,"column":8},"end":{"line":161,"column":37},"skip":true},"53":{"start":{"line":162,"column":8},"end":{"line":162,"column":35},"skip":true},"54":{"start":{"line":164,"column":8},"end":{"line":164,"column":50},"skip":true},"55":{"start":{"line":166,"column":8},"end":{"line":256,"column":2},"skip":true},"56":{"start":{"line":258,"column":8},"end":{"line":286,"column":9},"skip":true},"57":{"start":{"line":259,"column":12},"end":{"line":269,"column":14},"skip":true},"58":{"start":{"line":271,"column":12},"end":{"line":285,"column":19},"skip":true},"59":{"start":{"line":274,"column":20},"end":{"line":274,"column":35},"skip":true},"60":{"start":{"line":275,"column":20},"end":{"line":284,"column":21},"skip":true},"61":{"start":{"line":277,"column":24},"end":{"line":277,"column":64},"skip":true},"62":{"start":{"line":279,"column":24},"end":{"line":279,"column":40},"skip":true},"63":{"start":{"line":281,"column":24},"end":{"line":281,"column":40},"skip":true},"64":{"start":{"line":283,"column":24},"end":{"line":283,"column":39},"skip":true},"65":{"start":{"line":288,"column":8},"end":{"line":290,"column":9},"skip":true},"66":{"start":{"line":289,"column":12},"end":{"line":289,"column":18},"skip":true},"67":{"start":{"line":291,"column":8},"end":{"line":293,"column":54},"skip":true},"68":{"start":{"line":296,"column":8},"end":{"line":301,"column":37},"skip":true},"69":{"start":{"line":303,"column":8},"end":{"line":303,"column":82},"skip":true},"70":{"start":{"line":306,"column":8},"end":{"line":308,"column":9},"skip":true},"71":{"start":{"line":307,"column":12},"end":{"line":307,"column":82},"skip":true},"72":{"start":{"line":310,"column":8},"end":{"line":312,"column":9},"skip":true},"73":{"start":{"line":311,"column":12},"end":{"line":311,"column":18},"skip":true},"74":{"start":{"line":313,"column":8},"end":{"line":313,"column":54},"skip":true},"75":{"start":{"line":314,"column":8},"end":{"line":314,"column":69},"skip":true},"76":{"start":{"line":315,"column":8},"end":{"line":323,"column":36},"skip":true},"77":{"start":{"line":316,"column":12},"end":{"line":316,"column":61},"skip":true},"78":{"start":{"line":317,"column":12},"end":{"line":320,"column":13},"skip":true},"79":{"start":{"line":318,"column":16},"end":{"line":318,"column":75},"skip":true},"80":{"start":{"line":319,"column":16},"end":{"line":319,"column":23},"skip":true},"81":{"start":{"line":321,"column":12},"end":{"line":321,"column":38},"skip":true},"82":{"start":{"line":322,"column":12},"end":{"line":322,"column":27},"skip":true},"83":{"start":{"line":324,"column":8},"end":{"line":324,"column":14},"skip":true}},"branchMap":{"1":{"line":39,"type":"binary-expr","locations":[{"start":{"line":39,"column":23},"end":{"line":39,"column":62}},{"start":{"line":40,"column":20},"end":{"line":40,"column":70}},{"start":{"line":41,"column":20},"end":{"line":41,"column":71}},{"start":{"line":42,"column":20},"end":{"line":42,"column":29}}]},"2":{"line":44,"type":"binary-expr","locations":[{"start":{"line":44,"column":23},"end":{"line":44,"column":37}},{"start":{"line":45,"column":20},"end":{"line":45,"column":61}},{"start":{"line":46,"column":20},"end":{"line":46,"column":70}},{"start":{"line":47,"column":20},"end":{"line":47,"column":26}}]},"3":{"line":51,"type":"cond-expr","locations":[{"start":{"line":52,"column":14},"end":{"line":52,"column":20}},{"start":{"line":53,"column":14},"end":{"line":53,"column":20}}]},"4":{"line":55,"type":"binary-expr","locations":[{"start":{"line":55,"column":16},"end":{"line":55,"column":44}},{"start":{"line":55,"column":49},"end":{"line":57,"column":43}}]},"5":{"line":55,"type":"cond-expr","locations":[{"start":{"line":56,"column":14},"end":{"line":56,"column":53}},{"start":{"line":57,"column":14},"end":{"line":57,"column":43}}]},"6":{"line":61,"type":"switch","locations":[{"start":{"line":68,"column":4},"end":{"line":150,"column":14},"skip":true},{"start":{"line":156,"column":4},"end":{"line":324,"column":14},"skip":true}]},"7":{"line":70,"type":"if","locations":[{"start":{"line":70,"column":12},"end":{"line":70,"column":12},"skip":true},{"start":{"line":70,"column":12},"end":{"line":70,"column":12},"skip":true}]},"8":{"line":70,"type":"binary-expr","locations":[{"start":{"line":70,"column":16},"end":{"line":70,"column":22},"skip":true},{"start":{"line":70,"column":27},"end":{"line":70,"column":32},"skip":true},{"start":{"line":71,"column":20},"end":{"line":71,"column":39},"skip":true},{"start":{"line":72,"column":20},"end":{"line":72,"column":49},"skip":true},{"start":{"line":73,"column":20},"end":{"line":73,"column":58},"skip":true},{"start":{"line":74,"column":20},"end":{"line":74,"column":69},"skip":true}]},"9":{"line":79,"type":"switch","locations":[{"start":{"line":80,"column":20},"end":{"line":80,"column":33},"skip":true},{"start":{"line":81,"column":20},"end":{"line":83,"column":30},"skip":true},{"start":{"line":84,"column":20},"end":{"line":85,"column":49},"skip":true}]},"10":{"line":89,"type":"switch","locations":[{"start":{"line":90,"column":12},"end":{"line":103,"column":22},"skip":true},{"start":{"line":105,"column":12},"end":{"line":106,"column":22},"skip":true}]},"11":{"line":89,"type":"binary-expr","locations":[{"start":{"line":89,"column":20},"end":{"line":89,"column":25},"skip":true},{"start":{"line":89,"column":29},"end":{"line":89,"column":48},"skip":true},{"start":{"line":89,"column":52},"end":{"line":89,"column":74},"skip":true}]},"12":{"line":92,"type":"if","locations":[{"start":{"line":92,"column":16},"end":{"line":92,"column":16},"skip":true},{"start":{"line":92,"column":16},"end":{"line":92,"column":16},"skip":true}]},"13":{"line":108,"type":"if","locations":[{"start":{"line":108,"column":12},"end":{"line":108,"column":12},"skip":true},{"start":{"line":108,"column":12},"end":{"line":108,"column":12},"skip":true}]},"14":{"line":108,"type":"binary-expr","locations":[{"start":{"line":108,"column":16},"end":{"line":108,"column":61},"skip":true},{"start":{"line":108,"column":66},"end":{"line":108,"column":72},"skip":true},{"start":{"line":108,"column":77},"end":{"line":108,"column":82},"skip":true},{"start":{"line":109,"column":20},"end":{"line":109,"column":39},"skip":true},{"start":{"line":110,"column":20},"end":{"line":110,"column":49},"skip":true},{"start":{"line":111,"column":20},"end":{"line":111,"column":58},"skip":true},{"start":{"line":112,"column":20},"end":{"line":112,"column":68},"skip":true}]},"15":{"line":129,"type":"if","locations":[{"start":{"line":129,"column":16},"end":{"line":129,"column":16},"skip":true},{"start":{"line":129,"column":16},"end":{"line":129,"column":16},"skip":true}]},"16":{"line":134,"type":"cond-expr","locations":[{"start":{"line":135,"column":26},"end":{"line":135,"column":29},"skip":true},{"start":{"line":136,"column":26},"end":{"line":136,"column":54},"skip":true}]},"17":{"line":164,"type":"binary-expr","locations":[{"start":{"line":164,"column":27},"end":{"line":164,"column":43},"skip":true},{"start":{"line":164,"column":47},"end":{"line":164,"column":49},"skip":true}]},"18":{"line":258,"type":"if","locations":[{"start":{"line":258,"column":8},"end":{"line":258,"column":8},"skip":true},{"start":{"line":258,"column":8},"end":{"line":258,"column":8},"skip":true}]},"19":{"line":275,"type":"switch","locations":[{"start":{"line":276,"column":20},"end":{"line":277,"column":64},"skip":true},{"start":{"line":278,"column":20},"end":{"line":279,"column":40},"skip":true},{"start":{"line":280,"column":20},"end":{"line":281,"column":40},"skip":true},{"start":{"line":282,"column":20},"end":{"line":283,"column":39},"skip":true}]},"20":{"line":288,"type":"if","locations":[{"start":{"line":288,"column":8},"end":{"line":288,"column":8},"skip":true},{"start":{"line":288,"column":8},"end":{"line":288,"column":8},"skip":true}]},"21":{"line":288,"type":"binary-expr","locations":[{"start":{"line":288,"column":12},"end":{"line":288,"column":40},"skip":true},{"start":{"line":288,"column":44},"end":{"line":288,"column":67},"skip":true}]},"22":{"line":292,"type":"binary-expr","locations":[{"start":{"line":292,"column":12},"end":{"line":292,"column":50},"skip":true},{"start":{"line":293,"column":12},"end":{"line":293,"column":53},"skip":true}]},"23":{"line":297,"type":"binary-expr","locations":[{"start":{"line":297,"column":12},"end":{"line":297,"column":67},"skip":true},{"start":{"line":298,"column":12},"end":{"line":301,"column":36},"skip":true}]},"24":{"line":303,"type":"binary-expr","locations":[{"start":{"line":303,"column":43},"end":{"line":303,"column":75},"skip":true},{"start":{"line":303,"column":79},"end":{"line":303,"column":81},"skip":true}]},"25":{"line":306,"type":"if","locations":[{"start":{"line":306,"column":8},"end":{"line":306,"column":8},"skip":true},{"start":{"line":306,"column":8},"end":{"line":306,"column":8},"skip":true}]},"26":{"line":310,"type":"if","locations":[{"start":{"line":310,"column":8},"end":{"line":310,"column":8},"skip":true},{"start":{"line":310,"column":8},"end":{"line":310,"column":8},"skip":true}]},"27":{"line":313,"type":"binary-expr","locations":[{"start":{"line":313,"column":27},"end":{"line":313,"column":43},"skip":true},{"start":{"line":313,"column":47},"end":{"line":313,"column":53},"skip":true}]},"28":{"line":317,"type":"if","locations":[{"start":{"line":317,"column":12},"end":{"line":317,"column":12},"skip":true},{"start":{"line":317,"column":12},"end":{"line":317,"column":12},"skip":true}]}},"code":["/*","example.js","","quickstart example","","instruction","    1. save this script as example.js","    2. run the shell command:","        $ npm install npmtest-js-base64 && PORT=8081 node example.js","    3. play with the browser-demo on http://127.0.0.1:8081","*/","","","","/* istanbul instrument in package npmtest_js_base64 */","/*jslint","    bitwise: true,","    browser: true,","    maxerr: 8,","    maxlen: 96,","    node: true,","    nomen: true,","    regexp: true,","    stupid: true","*/","(function () {","    'use strict';","    var local;","","","","    // run shared js-env code - pre-init","    (function () {","        // init local","        local = {};","        // init modeJs","        local.modeJs = (function () {","            try {","                return typeof navigator.userAgent === 'string' &&","                    typeof document.querySelector('body') === 'object' &&","                    typeof XMLHttpRequest.prototype.open === 'function' &&","                    'browser';","            } catch (errorCaughtBrowser) {","                return module.exports &&","                    typeof process.versions.node === 'string' &&","                    typeof require('http').createServer === 'function' &&","                    'node';","            }","        }());","        // init global","        local.global = local.modeJs === 'browser'","            ? window","            : global;","        // init utility2_rollup","        local = local.global.utility2_rollup || (local.modeJs === 'browser'","            ? local.global.utility2_npmtest_js_base64","            : global.utility2_moduleExports);","        // export local","        local.global.local = local;","    }());","    switch (local.modeJs) {","","","","    // post-init","    // run browser js-env code - post-init","    /* istanbul ignore next */","    case 'browser':","        local.testRunBrowser = function (event) {","            if (!event || (event &&","                    event.currentTarget &&","                    event.currentTarget.className &&","                    event.currentTarget.className.includes &&","                    event.currentTarget.className.includes('onreset'))) {","                // reset output","                Array.from(","                    document.querySelectorAll('body > .resettable')","                ).forEach(function (element) {","                    switch (element.tagName) {","                    case 'INPUT':","                    case 'TEXTAREA':","                        element.value = '';","                        break;","                    default:","                        element.textContent = '';","                    }","                });","            }","            switch (event && event.currentTarget && event.currentTarget.id) {","            case 'testRunButton1':","                // show tests","                if (document.querySelector('#testReportDiv1').style.display === 'none') {","                    document.querySelector('#testReportDiv1').style.display = 'block';","                    document.querySelector('#testRunButton1').textContent =","                        'hide internal test';","                    local.modeTest = true;","                    local.testRunDefault(local);","                // hide tests","                } else {","                    document.querySelector('#testReportDiv1').style.display = 'none';","                    document.querySelector('#testRunButton1').textContent = 'run internal test';","                }","                break;","            // custom-case","            default:","                break;","            }","            if (document.querySelector('#inputTextareaEval1') && (!event || (event &&","                    event.currentTarget &&","                    event.currentTarget.className &&","                    event.currentTarget.className.includes &&","                    event.currentTarget.className.includes('oneval')))) {","                // try to eval input-code","                try {","                    /*jslint evil: true*/","                    eval(document.querySelector('#inputTextareaEval1').value);","                } catch (errorCaught) {","                    console.error(errorCaught);","                }","            }","        };","        // log stderr and stdout to #outputTextareaStdout1","        ['error', 'log'].forEach(function (key) {","            console[key + '_original'] = console[key];","            console[key] = function () {","                var element;","                console[key + '_original'].apply(console, arguments);","                element = document.querySelector('#outputTextareaStdout1');","                if (!element) {","                    return;","                }","                // append text to #outputTextareaStdout1","                element.value += Array.from(arguments).map(function (arg) {","                    return typeof arg === 'string'","                        ? arg","                        : JSON.stringify(arg, null, 4);","                }).join(' ') + '\\n';","                // scroll textarea to bottom","                element.scrollTop = element.scrollHeight;","            };","        });","        // init event-handling","        ['change', 'click', 'keyup'].forEach(function (event) {","            Array.from(document.querySelectorAll('.on' + event)).forEach(function (element) {","                element.addEventListener(event, local.testRunBrowser);","            });","        });","        // run tests","        local.testRunBrowser();","        break;","","","","    // run node js-env code - post-init","    /* istanbul ignore next */","    case 'node':","        // export local","        module.exports = local;","        // require modules","        local.fs = require('fs');","        local.http = require('http');","        local.url = require('url');","        // init assets","        local.assetsDict = local.assetsDict || {};","        /* jslint-ignore-begin */","        local.assetsDict['/assets.index.template.html'] = '\\","<!doctype html>\\n\\","<html lang=\"en\">\\n\\","<head>\\n\\","<meta charset=\"UTF-8\">\\n\\","<meta name=\"viewport\" content=\"width=device-width, initial-scale=1\">\\n\\","<title>{{env.npm_package_name}} (v{{env.npm_package_version}})</title>\\n\\","<style>\\n\\","/*csslint\\n\\","    box-sizing: false,\\n\\","    universal-selector: false\\n\\","*/\\n\\","* {\\n\\","    box-sizing: border-box;\\n\\","}\\n\\","body {\\n\\","    background: #dde;\\n\\","    font-family: Arial, Helvetica, sans-serif;\\n\\","    margin: 2rem;\\n\\","}\\n\\","body > * {\\n\\","    margin-bottom: 1rem;\\n\\","}\\n\\",".utility2FooterDiv {\\n\\","    margin-top: 20px;\\n\\","    text-align: center;\\n\\","}\\n\\","</style>\\n\\","<style>\\n\\","/*csslint\\n\\","*/\\n\\","textarea {\\n\\","    font-family: monospace;\\n\\","    height: 10rem;\\n\\","    width: 100%;\\n\\","}\\n\\","textarea[readonly] {\\n\\","    background: #ddd;\\n\\","}\\n\\","</style>\\n\\","</head>\\n\\","<body>\\n\\","<!-- utility2-comment\\n\\","<div id=\"ajaxProgressDiv1\" style=\"background: #d00; height: 2px; left: 0; margin: 0; padding: 0; position: fixed; top: 0; transition: background 0.5s, width 1.5s; width: 25%;\"></div>\\n\\","utility2-comment -->\\n\\","<h1>\\n\\","<!-- utility2-comment\\n\\","    <a\\n\\","        {{#if env.npm_package_homepage}}\\n\\","        href=\"{{env.npm_package_homepage}}\"\\n\\","        {{/if env.npm_package_homepage}}\\n\\","        target=\"_blank\"\\n\\","    >\\n\\","utility2-comment -->\\n\\","        {{env.npm_package_name}} (v{{env.npm_package_version}})\\n\\","<!-- utility2-comment\\n\\","    </a>\\n\\","utility2-comment -->\\n\\","</h1>\\n\\","<h3>{{env.npm_package_description}}</h3>\\n\\","<!-- utility2-comment\\n\\","<h4><a download href=\"assets.app.js\">download standalone app</a></h4>\\n\\","<button class=\"onclick onreset\" id=\"testRunButton1\">run internal test</button><br>\\n\\","<div id=\"testReportDiv1\" style=\"display: none;\"></div>\\n\\","utility2-comment -->\\n\\","\\n\\","\\n\\","\\n\\","<label>stderr and stdout</label>\\n\\","<textarea class=\"resettable\" id=\"outputTextareaStdout1\" readonly></textarea>\\n\\","<!-- utility2-comment\\n\\","{{#if isRollup}}\\n\\","<script src=\"assets.app.js\"></script>\\n\\","{{#unless isRollup}}\\n\\","utility2-comment -->\\n\\","<script src=\"assets.utility2.rollup.js\"></script>\\n\\","<script src=\"jsonp.utility2._stateInit?callback=window.utility2._stateInit\"></script>\\n\\","<script src=\"assets.npmtest_js_base64.rollup.js\"></script>\\n\\","<script src=\"assets.example.js\"></script>\\n\\","<script src=\"assets.test.js\"></script>\\n\\","<!-- utility2-comment\\n\\","{{/if isRollup}}\\n\\","utility2-comment -->\\n\\","<div class=\"utility2FooterDiv\">\\n\\","    [ this app was created with\\n\\","    <a href=\"https://github.com/kaizhu256/node-utility2\" target=\"_blank\">utility2</a>\\n\\","    ]\\n\\","</div>\\n\\","</body>\\n\\","</html>\\n\\","';","        /* jslint-ignore-end */","        if (local.templateRender) {","            local.assetsDict['/'] = local.templateRender(","                local.assetsDict['/assets.index.template.html'],","                {","                    env: local.objectSetDefault(local.env, {","                        npm_package_description: 'the greatest app in the world!',","                        npm_package_name: 'my-app',","                        npm_package_nameAlias: 'my_app',","                        npm_package_version: '0.0.1'","                    })","                }","            );","        } else {","            local.assetsDict['/'] = local.assetsDict['/assets.index.template.html']","                .replace((/\\{\\{env\\.(\\w+?)\\}\\}/g), function (match0, match1) {","                    // jslint-hack","                    String(match0);","                    switch (match1) {","                    case 'npm_package_description':","                        return 'the greatest app in the world!';","                    case 'npm_package_name':","                        return 'my-app';","                    case 'npm_package_nameAlias':","                        return 'my_app';","                    case 'npm_package_version':","                        return '0.0.1';","                    }","                });","        }","        // run the cli","        if (local.global.utility2_rollup || module !== require.main) {","            break;","        }","        local.assetsDict['/assets.example.js'] =","            local.assetsDict['/assets.example.js'] ||","            local.fs.readFileSync(__filename, 'utf8');","        // bug-workaround - long $npm_package_buildCustomOrg","        /* jslint-ignore-begin */","        local.assetsDict['/assets.npmtest_js_base64.rollup.js'] =","            local.assetsDict['/assets.npmtest_js_base64.rollup.js'] ||","            local.fs.readFileSync(","                local.npmtest_js_base64.__dirname + '/lib.npmtest_js_base64.js',","                'utf8'","            ).replace((/^#!/), '//');","        /* jslint-ignore-end */","        local.assetsDict['/favicon.ico'] = local.assetsDict['/favicon.ico'] || '';","        // if $npm_config_timeout_exit exists,","        // then exit this process after $npm_config_timeout_exit ms","        if (Number(process.env.npm_config_timeout_exit)) {","            setTimeout(process.exit, Number(process.env.npm_config_timeout_exit));","        }","        // start server","        if (local.global.utility2_serverHttp1) {","            break;","        }","        process.env.PORT = process.env.PORT || '8081';","        console.error('server starting on port ' + process.env.PORT);","        local.http.createServer(function (request, response) {","            request.urlParsed = local.url.parse(request.url);","            if (local.assetsDict[request.urlParsed.pathname] !== undefined) {","                response.end(local.assetsDict[request.urlParsed.pathname]);","                return;","            }","            response.statusCode = 404;","            response.end();","        }).listen(process.env.PORT);","        break;","    }","}());",""],"l":{"26":2,"28":2,"33":2,"35":2,"37":2,"38":2,"39":2,"44":1,"51":2,"55":2,"59":2,"61":2,"69":1,"70":2,"76":2,"79":2,"82":2,"83":2,"85":1,"89":2,"92":1,"93":1,"94":1,"96":1,"97":1,"100":1,"101":1,"103":1,"106":1,"108":2,"114":1,"116":1,"118":1,"123":1,"124":2,"125":2,"126":3,"127":3,"128":3,"129":3,"130":1,"133":3,"134":3,"139":3,"143":1,"144":3,"145":1,"149":1,"150":1,"158":1,"160":1,"161":1,"162":1,"164":1,"166":1,"258":1,"259":1,"271":1,"274":6,"275":6,"277":1,"279":2,"281":1,"283":2,"288":1,"289":1,"291":1,"296":1,"303":1,"306":1,"307":1,"310":1,"311":1,"313":1,"314":1,"315":1,"316":1,"317":1,"318":1,"319":1,"321":1,"322":1,"324":1}},"/home/travis/build/npmtest/node-npmtest-js-base64/node_modules/js-base64/base64.js":{"path":"/home/travis/build/npmtest/node-npmtest-js-base64/node_modules/js-base64/base64.js","s":{"1":1,"2":1,"3":1,"4":1,"5":1,"6":1,"7":1,"8":1,"9":1,"10":1,"11":1,"12":64,"13":1,"14":1,"15":1,"16":0,"17":0,"18":0,"19":0,"20":0,"21":1,"22":1,"23":0,"24":1,"25":0,"26":0,"27":1,"28":0,"29":0,"30":1,"31":0,"32":0,"33":1,"34":0,"35":0,"36":1,"37":0,"38":1,"39":1,"40":0,"41":0,"42":0,"43":0,"44":0,"45":1,"46":0,"47":1,"48":0,"49":0,"50":0,"51":1,"52":0,"53":0,"54":1,"55":0,"56":0,"57":1,"58":0,"59":0,"60":1,"61":0,"62":0,"63":0,"64":1,"65":1,"66":1,"67":0,"68":1,"69":0,"70":0,"71":0,"72":0,"73":0,"74":0,"75":1,"76":0},"b":{"1":[1,0],"2":[1,1],"3":[0,0],"4":[0,0],"5":[0,0],"6":[0,0],"7":[0,0],"8":[0,0],"9":[0,0],"10":[0,1],"11":[1,0],"12":[0,0],"13":[0,0],"14":[0,0],"15":[0,0,0],"16":[0,0],"17":[0,0],"18":[0,0],"19":[0,0],"20":[0,1],"21":[1,0],"22":[0,0],"23":[0,0],"24":[1,0],"25":[0,1]},"f":{"1":1,"2":1,"3":0,"4":0,"5":0,"6":0,"7":0,"8":0,"9":0,"10":0,"11":0,"12":0,"13":0,"14":0,"15":0,"16":0,"17":0,"18":0,"19":0,"20":0,"21":0,"22":0,"23":0,"24":0,"25":0,"26":0,"27":0},"fnMap":{"1":{"name":"(anonymous_1)","line":11,"loc":{"start":{"line":11,"column":1},"end":{"line":11,"column":18}}},"2":{"name":"(anonymous_2)","line":26,"loc":{"start":{"line":26,"column":17},"end":{"line":26,"column":31}}},"3":{"name":"(anonymous_3)","line":33,"loc":{"start":{"line":33,"column":18},"end":{"line":33,"column":30}}},"4":{"name":"(anonymous_4)","line":53,"loc":{"start":{"line":53,"column":15},"end":{"line":53,"column":27}}},"5":{"name":"(anonymous_5)","line":56,"loc":{"start":{"line":56,"column":20},"end":{"line":56,"column":34}}},"6":{"name":"(anonymous_6)","line":69,"loc":{"start":{"line":69,"column":29},"end":{"line":69,"column":41}}},"7":{"name":"(anonymous_7)","line":71,"loc":{"start":{"line":71,"column":8},"end":{"line":71,"column":20}}},"8":{"name":"(anonymous_8)","line":74,"loc":{"start":{"line":74,"column":27},"end":{"line":74,"column":40}}},"9":{"name":"(anonymous_9)","line":78,"loc":{"start":{"line":78,"column":6},"end":{"line":78,"column":19}}},"10":{"name":"(anonymous_10)","line":80,"loc":{"start":{"line":80,"column":17},"end":{"line":80,"column":38}}},"11":{"name":"(anonymous_11)","line":83,"loc":{"start":{"line":83,"column":51},"end":{"line":83,"column":64}}},"12":{"name":"(anonymous_12)","line":87,"loc":{"start":{"line":87,"column":20},"end":{"line":87,"column":32}}},"13":{"name":"(anonymous_13)","line":94,"loc":{"start":{"line":94,"column":18},"end":{"line":94,"column":33}}},"14":{"name":"(anonymous_14)","line":117,"loc":{"start":{"line":117,"column":15},"end":{"line":117,"column":27}}},"15":{"name":"(anonymous_15)","line":120,"loc":{"start":{"line":120,"column":20},"end":{"line":120,"column":35}}},"16":{"name":"(anonymous_16)","line":135,"loc":{"start":{"line":135,"column":29},"end":{"line":135,"column":41}}},"17":{"name":"(anonymous_17)","line":137,"loc":{"start":{"line":137,"column":8},"end":{"line":137,"column":19}}},"18":{"name":"(anonymous_18)","line":140,"loc":{"start":{"line":140,"column":27},"end":{"line":140,"column":39}}},"19":{"name":"(anonymous_19)","line":144,"loc":{"start":{"line":144,"column":6},"end":{"line":144,"column":18}}},"20":{"name":"(anonymous_20)","line":145,"loc":{"start":{"line":145,"column":17},"end":{"line":145,"column":28}}},"21":{"name":"(anonymous_21)","line":147,"loc":{"start":{"line":147,"column":39},"end":{"line":147,"column":52}}},"22":{"name":"(anonymous_22)","line":151,"loc":{"start":{"line":151,"column":21},"end":{"line":151,"column":32}}},"23":{"name":"(anonymous_23)","line":172,"loc":{"start":{"line":172,"column":21},"end":{"line":172,"column":32}}},"24":{"name":"(anonymous_24)","line":175,"loc":{"start":{"line":175,"column":37},"end":{"line":175,"column":49}}},"25":{"name":"(anonymous_25)","line":177,"loc":{"start":{"line":177,"column":55},"end":{"line":177,"column":67}}},"26":{"name":"(anonymous_26)","line":181,"loc":{"start":{"line":181,"column":53},"end":{"line":181,"column":72}}},"27":{"name":"(anonymous_27)","line":185,"loc":{"start":{"line":185,"column":56},"end":{"line":185,"column":68}}}},"statementMap":{"1":{"start":{"line":11,"column":0},"end":{"line":194,"column":9}},"2":{"start":{"line":14,"column":4},"end":{"line":14,"column":32}},"3":{"start":{"line":15,"column":4},"end":{"line":15,"column":26}},"4":{"start":{"line":17,"column":4},"end":{"line":17,"column":15}},"5":{"start":{"line":18,"column":4},"end":{"line":22,"column":5}},"6":{"start":{"line":19,"column":8},"end":{"line":21,"column":24}},"7":{"start":{"line":20,"column":12},"end":{"line":20,"column":46}},"8":{"start":{"line":24,"column":4},"end":{"line":25,"column":77}},"9":{"start":{"line":26,"column":4},"end":{"line":30,"column":16}},"10":{"start":{"line":27,"column":8},"end":{"line":27,"column":19}},"11":{"start":{"line":28,"column":8},"end":{"line":28,"column":73}},"12":{"start":{"line":28,"column":52},"end":{"line":28,"column":73}},"13":{"start":{"line":29,"column":8},"end":{"line":29,"column":17}},"14":{"start":{"line":31,"column":4},"end":{"line":31,"column":43}},"15":{"start":{"line":33,"column":4},"end":{"line":51,"column":6}},"16":{"start":{"line":34,"column":8},"end":{"line":50,"column":9}},"17":{"start":{"line":35,"column":12},"end":{"line":35,"column":37}},"18":{"start":{"line":36,"column":12},"end":{"line":41,"column":64}},"19":{"start":{"line":43,"column":12},"end":{"line":45,"column":45}},"20":{"start":{"line":46,"column":12},"end":{"line":49,"column":65}},"21":{"start":{"line":52,"column":4},"end":{"line":52,"column":66}},"22":{"start":{"line":53,"column":4},"end":{"line":55,"column":6}},"23":{"start":{"line":54,"column":8},"end":{"line":54,"column":43}},"24":{"start":{"line":56,"column":4},"end":{"line":68,"column":6}},"25":{"start":{"line":57,"column":8},"end":{"line":66,"column":10}},"26":{"start":{"line":67,"column":8},"end":{"line":67,"column":30}},"27":{"start":{"line":69,"column":4},"end":{"line":73,"column":6}},"28":{"start":{"line":70,"column":8},"end":{"line":70,"column":30}},"29":{"start":{"line":72,"column":8},"end":{"line":72,"column":52}},"30":{"start":{"line":74,"column":4},"end":{"line":79,"column":5}},"31":{"start":{"line":75,"column":8},"end":{"line":76,"column":27}},"32":{"start":{"line":78,"column":21},"end":{"line":78,"column":42}},"33":{"start":{"line":80,"column":4},"end":{"line":86,"column":6}},"34":{"start":{"line":81,"column":8},"end":{"line":85,"column":33}},"35":{"start":{"line":84,"column":16},"end":{"line":84,"column":45}},"36":{"start":{"line":87,"column":4},"end":{"line":87,"column":59}},"37":{"start":{"line":87,"column":34},"end":{"line":87,"column":57}},"38":{"start":{"line":89,"column":4},"end":{"line":93,"column":22}},"39":{"start":{"line":94,"column":4},"end":{"line":116,"column":6}},"40":{"start":{"line":95,"column":8},"end":{"line":115,"column":9}},"41":{"start":{"line":97,"column":12},"end":{"line":101,"column":34}},"42":{"start":{"line":102,"column":12},"end":{"line":103,"column":63}},"43":{"start":{"line":105,"column":12},"end":{"line":109,"column":14}},"44":{"start":{"line":111,"column":12},"end":{"line":114,"column":14}},"45":{"start":{"line":117,"column":4},"end":{"line":119,"column":6}},"46":{"start":{"line":118,"column":8},"end":{"line":118,"column":43}},"47":{"start":{"line":120,"column":4},"end":{"line":134,"column":6}},"48":{"start":{"line":121,"column":8},"end":{"line":131,"column":10}},"49":{"start":{"line":132,"column":8},"end":{"line":132,"column":45}},"50":{"start":{"line":133,"column":8},"end":{"line":133,"column":30}},"51":{"start":{"line":135,"column":4},"end":{"line":139,"column":6}},"52":{"start":{"line":136,"column":8},"end":{"line":136,"column":30}},"53":{"start":{"line":138,"column":8},"end":{"line":138,"column":52}},"54":{"start":{"line":140,"column":4},"end":{"line":144,"column":43}},"55":{"start":{"line":141,"column":8},"end":{"line":142,"column":58}},"56":{"start":{"line":144,"column":20},"end":{"line":144,"column":41}},"57":{"start":{"line":145,"column":4},"end":{"line":150,"column":6}},"58":{"start":{"line":146,"column":8},"end":{"line":149,"column":10}},"59":{"start":{"line":147,"column":54},"end":{"line":147,"column":83}},"60":{"start":{"line":151,"column":4},"end":{"line":155,"column":6}},"61":{"start":{"line":152,"column":8},"end":{"line":152,"column":35}},"62":{"start":{"line":153,"column":8},"end":{"line":153,"column":32}},"63":{"start":{"line":154,"column":8},"end":{"line":154,"column":22}},"64":{"start":{"line":157,"column":4},"end":{"line":169,"column":6}},"65":{"start":{"line":171,"column":4},"end":{"line":189,"column":5}},"66":{"start":{"line":172,"column":8},"end":{"line":174,"column":10}},"67":{"start":{"line":173,"column":12},"end":{"line":173,"column":78}},"68":{"start":{"line":175,"column":8},"end":{"line":188,"column":10}},"69":{"start":{"line":176,"column":12},"end":{"line":179,"column":20}},"70":{"start":{"line":178,"column":20},"end":{"line":178,"column":39}},"71":{"start":{"line":180,"column":12},"end":{"line":183,"column":20}},"72":{"start":{"line":182,"column":20},"end":{"line":182,"column":48}},"73":{"start":{"line":184,"column":12},"end":{"line":187,"column":20}},"74":{"start":{"line":186,"column":20},"end":{"line":186,"column":45}},"75":{"start":{"line":191,"column":4},"end":{"line":193,"column":5}},"76":{"start":{"line":192,"column":7},"end":{"line":192,"column":30}}},"branchMap":{"1":{"line":18,"type":"if","locations":[{"start":{"line":18,"column":4},"end":{"line":18,"column":4}},{"start":{"line":18,"column":4},"end":{"line":18,"column":4}}]},"2":{"line":18,"type":"binary-expr","locations":[{"start":{"line":18,"column":8},"end":{"line":18,"column":37}},{"start":{"line":18,"column":41},"end":{"line":18,"column":55}}]},"3":{"line":34,"type":"if","locations":[{"start":{"line":34,"column":8},"end":{"line":34,"column":8}},{"start":{"line":34,"column":8},"end":{"line":34,"column":8}}]},"4":{"line":36,"type":"cond-expr","locations":[{"start":{"line":36,"column":31},"end":{"line":36,"column":32}},{"start":{"line":37,"column":18},"end":{"line":41,"column":63}}]},"5":{"line":37,"type":"cond-expr","locations":[{"start":{"line":37,"column":32},"end":{"line":38,"column":66}},{"start":{"line":39,"column":19},"end":{"line":41,"column":62}}]},"6":{"line":59,"type":"cond-expr","locations":[{"start":{"line":59,"column":33},"end":{"line":59,"column":50}},{"start":{"line":59,"column":53},"end":{"line":59,"column":54}}]},"7":{"line":60,"type":"cond-expr","locations":[{"start":{"line":60,"column":33},"end":{"line":60,"column":50}},{"start":{"line":60,"column":53},"end":{"line":60,"column":54}}]},"8":{"line":64,"type":"cond-expr","locations":[{"start":{"line":64,"column":26},"end":{"line":64,"column":29}},{"start":{"line":64,"column":32},"end":{"line":64,"column":65}}]},"9":{"line":65,"type":"cond-expr","locations":[{"start":{"line":65,"column":26},"end":{"line":65,"column":29}},{"start":{"line":65,"column":32},"end":{"line":65,"column":57}}]},"10":{"line":69,"type":"cond-expr","locations":[{"start":{"line":69,"column":29},"end":{"line":71,"column":5}},{"start":{"line":71,"column":8},"end":{"line":73,"column":5}}]},"11":{"line":74,"type":"cond-expr","locations":[{"start":{"line":74,"column":27},"end":{"line":77,"column":5}},{"start":{"line":78,"column":6},"end":{"line":78,"column":43}}]},"12":{"line":75,"type":"cond-expr","locations":[{"start":{"line":75,"column":55},"end":{"line":75,"column":56}},{"start":{"line":75,"column":59},"end":{"line":75,"column":72}}]},"13":{"line":81,"type":"cond-expr","locations":[{"start":{"line":82,"column":14},"end":{"line":82,"column":32}},{"start":{"line":83,"column":14},"end":{"line":85,"column":32}}]},"14":{"line":84,"type":"cond-expr","locations":[{"start":{"line":84,"column":35},"end":{"line":84,"column":38}},{"start":{"line":84,"column":41},"end":{"line":84,"column":44}}]},"15":{"line":95,"type":"switch","locations":[{"start":{"line":96,"column":8},"end":{"line":103,"column":63}},{"start":{"line":104,"column":8},"end":{"line":109,"column":14}},{"start":{"line":110,"column":8},"end":{"line":114,"column":14}}]},"16":{"line":123,"type":"cond-expr","locations":[{"start":{"line":123,"column":23},"end":{"line":123,"column":51}},{"start":{"line":123,"column":54},"end":{"line":123,"column":55}}]},"17":{"line":124,"type":"cond-expr","locations":[{"start":{"line":124,"column":25},"end":{"line":124,"column":53}},{"start":{"line":124,"column":56},"end":{"line":124,"column":57}}]},"18":{"line":125,"type":"cond-expr","locations":[{"start":{"line":125,"column":25},"end":{"line":125,"column":53}},{"start":{"line":125,"column":56},"end":{"line":125,"column":57}}]},"19":{"line":126,"type":"cond-expr","locations":[{"start":{"line":126,"column":25},"end":{"line":126,"column":47}},{"start":{"line":126,"column":56},"end":{"line":126,"column":57}}]},"20":{"line":135,"type":"cond-expr","locations":[{"start":{"line":135,"column":29},"end":{"line":137,"column":5}},{"start":{"line":137,"column":8},"end":{"line":139,"column":5}}]},"21":{"line":140,"type":"cond-expr","locations":[{"start":{"line":140,"column":27},"end":{"line":143,"column":5}},{"start":{"line":144,"column":6},"end":{"line":144,"column":42}}]},"22":{"line":141,"type":"cond-expr","locations":[{"start":{"line":142,"column":18},"end":{"line":142,"column":19}},{"start":{"line":142,"column":22},"end":{"line":142,"column":45}}]},"23":{"line":147,"type":"cond-expr","locations":[{"start":{"line":147,"column":73},"end":{"line":147,"column":76}},{"start":{"line":147,"column":79},"end":{"line":147,"column":82}}]},"24":{"line":171,"type":"if","locations":[{"start":{"line":171,"column":4},"end":{"line":171,"column":4}},{"start":{"line":171,"column":4},"end":{"line":171,"column":4}}]},"25":{"line":191,"type":"if","locations":[{"start":{"line":191,"column":4},"end":{"line":191,"column":4}},{"start":{"line":191,"column":4},"end":{"line":191,"column":4}}]}},"code":["/*"," * $Id: base64.js,v 2.15 2014/04/05 12:58:57 dankogai Exp dankogai $"," *"," *  Licensed under the MIT license."," *    http://opensource.org/licenses/mit-license"," *"," *  References:"," *    http://en.wikipedia.org/wiki/Base64"," */","","(function(global) {","    'use strict';","    // existing version for noConflict()","    var _Base64 = global.Base64;","    var version = \"2.1.9\";","    // if node.js, we use Buffer","    var buffer;","    if (typeof module !== 'undefined' && module.exports) {","        try {","            buffer = require('buffer').Buffer;","        } catch (err) {}","    }","    // constants","    var b64chars","        = 'ABCDEFGHIJKLMNOPQRSTUVWXYZabcdefghijklmnopqrstuvwxyz0123456789+/';","    var b64tab = function(bin) {","        var t = {};","        for (var i = 0, l = bin.length; i < l; i++) t[bin.charAt(i)] = i;","        return t;","    }(b64chars);","    var fromCharCode = String.fromCharCode;","    // encoder stuff","    var cb_utob = function(c) {","        if (c.length < 2) {","            var cc = c.charCodeAt(0);","            return cc < 0x80 ? c","                : cc < 0x800 ? (fromCharCode(0xc0 | (cc >>> 6))","                                + fromCharCode(0x80 | (cc & 0x3f)))","                : (fromCharCode(0xe0 | ((cc >>> 12) & 0x0f))","                   + fromCharCode(0x80 | ((cc >>>  6) & 0x3f))","                   + fromCharCode(0x80 | ( cc         & 0x3f)));","        } else {","            var cc = 0x10000","                + (c.charCodeAt(0) - 0xD800) * 0x400","                + (c.charCodeAt(1) - 0xDC00);","            return (fromCharCode(0xf0 | ((cc >>> 18) & 0x07))","                    + fromCharCode(0x80 | ((cc >>> 12) & 0x3f))","                    + fromCharCode(0x80 | ((cc >>>  6) & 0x3f))","                    + fromCharCode(0x80 | ( cc         & 0x3f)));","        }","    };","    var re_utob = /[\\uD800-\\uDBFF][\\uDC00-\\uDFFFF]|[^\\x00-\\x7F]/g;","    var utob = function(u) {","        return u.replace(re_utob, cb_utob);","    };","    var cb_encode = function(ccc) {","        var padlen = [0, 2, 1][ccc.length % 3],","        ord = ccc.charCodeAt(0) << 16","            | ((ccc.length > 1 ? ccc.charCodeAt(1) : 0) << 8)","            | ((ccc.length > 2 ? ccc.charCodeAt(2) : 0)),","        chars = [","            b64chars.charAt( ord >>> 18),","            b64chars.charAt((ord >>> 12) & 63),","            padlen >= 2 ? '=' : b64chars.charAt((ord >>> 6) & 63),","            padlen >= 1 ? '=' : b64chars.charAt(ord & 63)","        ];","        return chars.join('');","    };","    var btoa = global.btoa ? function(b) {","        return global.btoa(b);","    } : function(b) {","        return b.replace(/[\\s\\S]{1,3}/g, cb_encode);","    };","    var _encode = buffer ? function (u) {","        return (u.constructor === buffer.constructor ? u : new buffer(u))","        .toString('base64')","    }","    : function (u) { return btoa(utob(u)) }","    ;","    var encode = function(u, urisafe) {","        return !urisafe","            ? _encode(String(u))","            : _encode(String(u)).replace(/[+\\/]/g, function(m0) {","                return m0 == '+' ? '-' : '_';","            }).replace(/=/g, '');","    };","    var encodeURI = function(u) { return encode(u, true) };","    // decoder stuff","    var re_btou = new RegExp([","        '[\\xC0-\\xDF][\\x80-\\xBF]',","        '[\\xE0-\\xEF][\\x80-\\xBF]{2}',","        '[\\xF0-\\xF7][\\x80-\\xBF]{3}'","    ].join('|'), 'g');","    var cb_btou = function(cccc) {","        switch(cccc.length) {","        case 4:","            var cp = ((0x07 & cccc.charCodeAt(0)) << 18)","                |    ((0x3f & cccc.charCodeAt(1)) << 12)","                |    ((0x3f & cccc.charCodeAt(2)) <<  6)","                |     (0x3f & cccc.charCodeAt(3)),","            offset = cp - 0x10000;","            return (fromCharCode((offset  >>> 10) + 0xD800)","                    + fromCharCode((offset & 0x3FF) + 0xDC00));","        case 3:","            return fromCharCode(","                ((0x0f & cccc.charCodeAt(0)) << 12)","                    | ((0x3f & cccc.charCodeAt(1)) << 6)","                    |  (0x3f & cccc.charCodeAt(2))","            );","        default:","            return  fromCharCode(","                ((0x1f & cccc.charCodeAt(0)) << 6)","                    |  (0x3f & cccc.charCodeAt(1))","            );","        }","    };","    var btou = function(b) {","        return b.replace(re_btou, cb_btou);","    };","    var cb_decode = function(cccc) {","        var len = cccc.length,","        padlen = len % 4,","        n = (len > 0 ? b64tab[cccc.charAt(0)] << 18 : 0)","            | (len > 1 ? b64tab[cccc.charAt(1)] << 12 : 0)","            | (len > 2 ? b64tab[cccc.charAt(2)] <<  6 : 0)","            | (len > 3 ? b64tab[cccc.charAt(3)]       : 0),","        chars = [","            fromCharCode( n >>> 16),","            fromCharCode((n >>>  8) & 0xff),","            fromCharCode( n         & 0xff)","        ];","        chars.length -= [0, 0, 2, 1][padlen];","        return chars.join('');","    };","    var atob = global.atob ? function(a) {","        return global.atob(a);","    } : function(a){","        return a.replace(/[\\s\\S]{1,4}/g, cb_decode);","    };","    var _decode = buffer ? function(a) {","        return (a.constructor === buffer.constructor","                ? a : new buffer(a, 'base64')).toString();","    }","    : function(a) { return btou(atob(a)) };","    var decode = function(a){","        return _decode(","            String(a).replace(/[-_]/g, function(m0) { return m0 == '-' ? '+' : '/' })","                .replace(/[^A-Za-z0-9\\+\\/]/g, '')","        );","    };","    var noConflict = function() {","        var Base64 = global.Base64;","        global.Base64 = _Base64;","        return Base64;","    };","    // export Base64","    global.Base64 = {","        VERSION: version,","        atob: atob,","        btoa: btoa,","        fromBase64: decode,","        toBase64: encode,","        utob: utob,","        encode: encode,","        encodeURI: encodeURI,","        btou: btou,","        decode: decode,","        noConflict: noConflict","    };","    // if ES5 is available, make Base64.extendString() available","    if (typeof Object.defineProperty === 'function') {","        var noEnum = function(v){","            return {value:v,enumerable:false,writable:true,configurable:true};","        };","        global.Base64.extendString = function () {","            Object.defineProperty(","                String.prototype, 'fromBase64', noEnum(function () {","                    return decode(this)","                }));","            Object.defineProperty(","                String.prototype, 'toBase64', noEnum(function (urisafe) {","                    return encode(this, urisafe)","                }));","            Object.defineProperty(","                String.prototype, 'toBase64URI', noEnum(function () {","                    return encode(this, true)","                }));","        };","    }","    // that's it!","    if (global['Meteor']) {","       Base64 = global.Base64; // for normal export in Meteor.js","    }","})(this);",""],"l":{"11":1,"14":1,"15":1,"17":1,"18":1,"19":1,"20":1,"24":1,"26":1,"27":1,"28":64,"29":1,"31":1,"33":1,"34":0,"35":0,"36":0,"43":0,"46":0,"52":1,"53":1,"54":0,"56":1,"57":0,"67":0,"69":1,"70":0,"72":0,"74":1,"75":0,"78":0,"80":1,"81":0,"84":0,"87":1,"89":1,"94":1,"95":0,"97":0,"102":0,"105":0,"111":0,"117":1,"118":0,"120":1,"121":0,"132":0,"133":0,"135":1,"136":0,"138":0,"140":1,"141":0,"144":0,"145":1,"146":0,"147":0,"151":1,"152":0,"153":0,"154":0,"157":1,"171":1,"172":1,"173":0,"175":1,"176":0,"178":0,"180":0,"182":0,"184":0,"186":0,"191":1,"192":0}},"/home/travis/build/npmtest/node-npmtest-js-base64/node_modules/js-base64/package.js":{"path":"/home/travis/build/npmtest/node-npmtest-js-base64/node_modules/js-base64/package.js","s":{"1":2,"2":0,"3":0,"4":0},"b":{},"f":{"1":0},"fnMap":{"1":{"name":"(anonymous_1)","line":5,"loc":{"start":{"line":5,"column":15},"end":{"line":5,"column":28}}}},"statementMap":{"1":{"start":{"line":1,"column":0},"end":{"line":3,"column":2}},"2":{"start":{"line":5,"column":0},"end":{"line":9,"column":3}},"3":{"start":{"line":6,"column":4},"end":{"line":6,"column":25}},"4":{"start":{"line":8,"column":4},"end":{"line":8,"column":43}}},"branchMap":{},"code":["Package.describe({","    summary: \"Yet another Base64 transcoder\"","})","","Package.on_use(function(api){","    api.export('Base64');","","    api.add_files(['base64.js'], 'server');","});"],"l":{"1":2,"5":0,"6":0,"8":0}},"/home/travis/build/npmtest/node-npmtest-js-base64/node_modules/js-base64/old/base64-1.7.js":{"path":"/home/travis/build/npmtest/node-npmtest-js-base64/node_modules/js-base64/old/base64-1.7.js","s":{"1":1,"2":1,"3":1,"4":1,"5":1,"6":1,"7":1,"8":1,"9":26,"10":1,"11":26,"12":1,"13":10,"14":1,"15":1,"16":1,"17":1,"18":1,"19":1,"20":64,"21":1,"22":1,"23":0,"24":0,"25":0,"26":0,"27":1,"28":0,"29":0,"30":0,"31":0,"32":0,"33":0,"34":0,"35":0,"36":0,"37":0,"38":0,"39":0,"40":0,"41":0,"42":1,"43":0,"44":0,"45":0,"46":0,"47":0,"48":0,"49":0,"50":0,"51":1,"52":0,"53":0,"54":0,"55":0,"56":0,"57":0,"58":0,"59":0,"60":0,"61":1,"62":0,"63":0,"64":0,"65":0,"66":0,"67":0,"68":0,"69":0,"70":0,"71":0,"72":0,"73":1,"74":0,"75":1,"76":0,"77":1,"78":0,"79":1,"80":0,"81":1,"82":0,"83":1,"84":0,"85":1,"86":0,"87":1,"88":0,"89":1,"90":0,"91":0,"92":0,"93":0,"94":1,"95":0,"96":0,"97":0,"98":1,"99":1,"100":0,"101":1,"102":0,"103":0,"104":0,"105":1,"106":1,"107":0,"108":1,"109":0,"110":0,"111":0,"112":0},"b":{"1":[0,0],"2":[0,0,0],"3":[0,0],"4":[0,0],"5":[0,0],"6":[0,0],"7":[0,0],"8":[0,0],"9":[0,0],"10":[0,0],"11":[0,1],"12":[0,1],"13":[0,0],"14":[0,0]},"f":{"1":1,"2":1,"3":1,"4":0,"5":0,"6":0,"7":0,"8":0,"9":0,"10":0,"11":0,"12":0,"13":0,"14":0,"15":0,"16":0,"17":0,"18":0,"19":0,"20":0,"21":0,"22":0,"23":0,"24":0,"25":0},"fnMap":{"1":{"name":"(anonymous_1)","line":11,"loc":{"start":{"line":11,"column":1},"end":{"line":11,"column":17}}},"2":{"name":"(anonymous_2)","line":16,"loc":{"start":{"line":16,"column":19},"end":{"line":16,"column":29}}},"3":{"name":"(anonymous_3)","line":29,"loc":{"start":{"line":29,"column":13},"end":{"line":29,"column":26}}},"4":{"name":"(anonymous_4)","line":35,"loc":{"start":{"line":35,"column":20},"end":{"line":35,"column":31}}},"5":{"name":"(anonymous_5)","line":41,"loc":{"start":{"line":41,"column":31},"end":{"line":41,"column":44}}},"6":{"name":"(anonymous_6)","line":64,"loc":{"start":{"line":64,"column":31},"end":{"line":64,"column":44}}},"7":{"name":"(anonymous_7)","line":83,"loc":{"start":{"line":83,"column":35},"end":{"line":83,"column":48}}},"8":{"name":"(anonymous_8)","line":102,"loc":{"start":{"line":102,"column":35},"end":{"line":102,"column":48}}},"9":{"name":"(anonymous_9)","line":123,"loc":{"start":{"line":123,"column":32},"end":{"line":123,"column":45}}},"10":{"name":"(anonymous_10)","line":127,"loc":{"start":{"line":127,"column":32},"end":{"line":127,"column":45}}},"11":{"name":"(anonymous_11)","line":131,"loc":{"start":{"line":131,"column":36},"end":{"line":131,"column":49}}},"12":{"name":"(anonymous_12)","line":135,"loc":{"start":{"line":135,"column":36},"end":{"line":135,"column":49}}},"13":{"name":"(anonymous_13)","line":139,"loc":{"start":{"line":139,"column":37},"end":{"line":139,"column":50}}},"14":{"name":"(anonymous_14)","line":145,"loc":{"start":{"line":145,"column":36},"end":{"line":145,"column":49}}},"15":{"name":"(anonymous_15)","line":149,"loc":{"start":{"line":149,"column":36},"end":{"line":149,"column":49}}},"16":{"name":"(anonymous_16)","line":153,"loc":{"start":{"line":153,"column":37},"end":{"line":153,"column":50}}},"17":{"name":"(anonymous_17)","line":163,"loc":{"start":{"line":163,"column":35},"end":{"line":163,"column":48}}},"18":{"name":"(anonymous_18)","line":173,"loc":{"start":{"line":173,"column":37},"end":{"line":173,"column":51}}},"19":{"name":"(anonymous_19)","line":179,"loc":{"start":{"line":179,"column":37},"end":{"line":179,"column":51}}},"20":{"name":"(anonymous_20)","line":186,"loc":{"start":{"line":186,"column":37},"end":{"line":186,"column":51}}},"21":{"name":"(anonymous_21)","line":192,"loc":{"start":{"line":192,"column":37},"end":{"line":192,"column":51}}},"22":{"name":"(anonymous_22)","line":225,"loc":{"start":{"line":225,"column":14},"end":{"line":225,"column":25}}},"23":{"name":"(anonymous_23)","line":226,"loc":{"start":{"line":226,"column":63},"end":{"line":226,"column":75}}},"24":{"name":"(anonymous_24)","line":230,"loc":{"start":{"line":230,"column":11},"end":{"line":230,"column":22}}},"25":{"name":"(anonymous_25)","line":231,"loc":{"start":{"line":231,"column":61},"end":{"line":231,"column":73}}}},"statementMap":{"1":{"start":{"line":11,"column":0},"end":{"line":237,"column":9}},"2":{"start":{"line":13,"column":0},"end":{"line":14,"column":73}},"3":{"start":{"line":16,"column":0},"end":{"line":27,"column":4}},"4":{"start":{"line":17,"column":4},"end":{"line":17,"column":15}},"5":{"start":{"line":18,"column":4},"end":{"line":18,"column":34}},"6":{"start":{"line":19,"column":4},"end":{"line":19,"column":34}},"7":{"start":{"line":20,"column":4},"end":{"line":20,"column":34}},"8":{"start":{"line":21,"column":4},"end":{"line":21,"column":52}},"9":{"start":{"line":21,"column":34},"end":{"line":21,"column":52}},"10":{"start":{"line":22,"column":4},"end":{"line":22,"column":52}},"11":{"start":{"line":22,"column":34},"end":{"line":22,"column":52}},"12":{"start":{"line":23,"column":4},"end":{"line":23,"column":52}},"13":{"start":{"line":23,"column":34},"end":{"line":23,"column":52}},"14":{"start":{"line":24,"column":4},"end":{"line":24,"column":30}},"15":{"start":{"line":25,"column":4},"end":{"line":25,"column":30}},"16":{"start":{"line":26,"column":4},"end":{"line":26,"column":13}},"17":{"start":{"line":29,"column":0},"end":{"line":33,"column":12}},"18":{"start":{"line":30,"column":4},"end":{"line":30,"column":15}},"19":{"start":{"line":31,"column":4},"end":{"line":31,"column":69}},"20":{"start":{"line":31,"column":48},"end":{"line":31,"column":69}},"21":{"start":{"line":32,"column":4},"end":{"line":32,"column":13}},"22":{"start":{"line":35,"column":0},"end":{"line":39,"column":2}},"23":{"start":{"line":36,"column":4},"end":{"line":36,"column":15}},"24":{"start":{"line":37,"column":4},"end":{"line":37,"column":70}},"25":{"start":{"line":37,"column":47},"end":{"line":37,"column":70}},"26":{"start":{"line":38,"column":4},"end":{"line":38,"column":13}},"27":{"start":{"line":41,"column":0},"end":{"line":62,"column":2}},"28":{"start":{"line":42,"column":4},"end":{"line":42,"column":19}},"29":{"start":{"line":43,"column":4},"end":{"line":46,"column":5}},"30":{"start":{"line":44,"column":8},"end":{"line":44,"column":20}},"31":{"start":{"line":45,"column":8},"end":{"line":45,"column":17}},"32":{"start":{"line":47,"column":4},"end":{"line":47,"column":17}},"33":{"start":{"line":48,"column":4},"end":{"line":59,"column":5}},"34":{"start":{"line":49,"column":8},"end":{"line":49,"column":54}},"35":{"start":{"line":50,"column":8},"end":{"line":51,"column":48}},"36":{"start":{"line":51,"column":12},"end":{"line":51,"column":48}},"37":{"start":{"line":52,"column":8},"end":{"line":52,"column":44}},"38":{"start":{"line":53,"column":8},"end":{"line":58,"column":10}},"39":{"start":{"line":60,"column":4},"end":{"line":60,"column":70}},"40":{"start":{"line":60,"column":21},"end":{"line":60,"column":70}},"41":{"start":{"line":61,"column":4},"end":{"line":61,"column":45}},"42":{"start":{"line":64,"column":0},"end":{"line":81,"column":2}},"43":{"start":{"line":65,"column":4},"end":{"line":65,"column":47}},"44":{"start":{"line":66,"column":4},"end":{"line":66,"column":17}},"45":{"start":{"line":67,"column":4},"end":{"line":67,"column":32}},"46":{"start":{"line":68,"column":4},"end":{"line":78,"column":5}},"47":{"start":{"line":69,"column":8},"end":{"line":72,"column":49}},"48":{"start":{"line":73,"column":8},"end":{"line":77,"column":10}},"49":{"start":{"line":79,"column":4},"end":{"line":79,"column":36}},"50":{"start":{"line":80,"column":4},"end":{"line":80,"column":15}},"51":{"start":{"line":83,"column":0},"end":{"line":100,"column":2}},"52":{"start":{"line":84,"column":4},"end":{"line":84,"column":17}},"53":{"start":{"line":85,"column":4},"end":{"line":98,"column":5}},"54":{"start":{"line":86,"column":8},"end":{"line":86,"column":23}},"55":{"start":{"line":87,"column":8},"end":{"line":97,"column":44}},"56":{"start":{"line":88,"column":12},"end":{"line":88,"column":24}},"57":{"start":{"line":89,"column":13},"end":{"line":97,"column":44}},"58":{"start":{"line":90,"column":12},"end":{"line":92,"column":35}},"59":{"start":{"line":94,"column":12},"end":{"line":97,"column":44}},"60":{"start":{"line":99,"column":4},"end":{"line":99,"column":15}},"61":{"start":{"line":102,"column":0},"end":{"line":121,"column":2}},"62":{"start":{"line":103,"column":4},"end":{"line":103,"column":17}},"63":{"start":{"line":104,"column":4},"end":{"line":119,"column":5}},"64":{"start":{"line":105,"column":8},"end":{"line":105,"column":24}},"65":{"start":{"line":106,"column":8},"end":{"line":118,"column":9}},"66":{"start":{"line":107,"column":12},"end":{"line":107,"column":25}},"67":{"start":{"line":109,"column":12},"end":{"line":109,"column":30}},"68":{"start":{"line":110,"column":12},"end":{"line":117,"column":13}},"69":{"start":{"line":111,"column":16},"end":{"line":111,"column":59}},"70":{"start":{"line":113,"column":16},"end":{"line":113,"column":34}},"71":{"start":{"line":114,"column":16},"end":{"line":116,"column":18}},"72":{"start":{"line":120,"column":4},"end":{"line":120,"column":15}},"73":{"start":{"line":123,"column":0},"end":{"line":125,"column":2}},"74":{"start":{"line":124,"column":4},"end":{"line":124,"column":56}},"75":{"start":{"line":127,"column":0},"end":{"line":129,"column":2}},"76":{"start":{"line":128,"column":4},"end":{"line":128,"column":71}},"77":{"start":{"line":131,"column":0},"end":{"line":133,"column":2}},"78":{"start":{"line":132,"column":4},"end":{"line":132,"column":60}},"79":{"start":{"line":135,"column":0},"end":{"line":137,"column":2}},"80":{"start":{"line":136,"column":4},"end":{"line":136,"column":75}},"81":{"start":{"line":139,"column":0},"end":{"line":143,"column":2}},"82":{"start":{"line":140,"column":4},"end":{"line":142,"column":6}},"83":{"start":{"line":145,"column":0},"end":{"line":147,"column":2}},"84":{"start":{"line":146,"column":4},"end":{"line":146,"column":60}},"85":{"start":{"line":149,"column":0},"end":{"line":151,"column":2}},"86":{"start":{"line":150,"column":4},"end":{"line":150,"column":75}},"87":{"start":{"line":153,"column":0},"end":{"line":157,"column":2}},"88":{"start":{"line":154,"column":4},"end":{"line":156,"column":6}},"89":{"start":{"line":163,"column":0},"end":{"line":169,"column":2}},"90":{"start":{"line":164,"column":4},"end":{"line":164,"column":21}},"91":{"start":{"line":165,"column":4},"end":{"line":167,"column":5}},"92":{"start":{"line":166,"column":8},"end":{"line":166,"column":76}},"93":{"start":{"line":168,"column":4},"end":{"line":168,"column":25}},"94":{"start":{"line":171,"column":0},"end":{"line":182,"column":1}},"95":{"start":{"line":172,"column":4},"end":{"line":172,"column":27}},"96":{"start":{"line":173,"column":4},"end":{"line":175,"column":6}},"97":{"start":{"line":174,"column":8},"end":{"line":174,"column":57}},"98":{"start":{"line":178,"column":4},"end":{"line":178,"column":41}},"99":{"start":{"line":179,"column":4},"end":{"line":181,"column":6}},"100":{"start":{"line":180,"column":8},"end":{"line":180,"column":76}},"101":{"start":{"line":184,"column":0},"end":{"line":195,"column":1}},"102":{"start":{"line":185,"column":4},"end":{"line":185,"column":27}},"103":{"start":{"line":186,"column":4},"end":{"line":188,"column":6}},"104":{"start":{"line":187,"column":8},"end":{"line":187,"column":57}},"105":{"start":{"line":191,"column":4},"end":{"line":191,"column":41}},"106":{"start":{"line":192,"column":4},"end":{"line":194,"column":6}},"107":{"start":{"line":193,"column":8},"end":{"line":193,"column":76}},"108":{"start":{"line":197,"column":0},"end":{"line":235,"column":2}},"109":{"start":{"line":226,"column":8},"end":{"line":228,"column":30}},"110":{"start":{"line":227,"column":12},"end":{"line":227,"column":41}},"111":{"start":{"line":231,"column":8},"end":{"line":233,"column":12}},"112":{"start":{"line":232,"column":12},"end":{"line":232,"column":41}}},"branchMap":{"1":{"line":50,"type":"if","locations":[{"start":{"line":50,"column":8},"end":{"line":50,"column":8}},{"start":{"line":50,"column":8},"end":{"line":50,"column":8}}]},"2":{"line":50,"type":"binary-expr","locations":[{"start":{"line":50,"column":12},"end":{"line":50,"column":21}},{"start":{"line":50,"column":25},"end":{"line":50,"column":34}},{"start":{"line":50,"column":38},"end":{"line":50,"column":47}}]},"3":{"line":69,"type":"binary-expr","locations":[{"start":{"line":69,"column":18},"end":{"line":69,"column":41}},{"start":{"line":69,"column":45},"end":{"line":69,"column":46}}]},"4":{"line":70,"type":"binary-expr","locations":[{"start":{"line":70,"column":18},"end":{"line":70,"column":41}},{"start":{"line":70,"column":45},"end":{"line":70,"column":46}}]},"5":{"line":71,"type":"binary-expr","locations":[{"start":{"line":71,"column":18},"end":{"line":71,"column":41}},{"start":{"line":71,"column":45},"end":{"line":71,"column":46}}]},"6":{"line":72,"type":"binary-expr","locations":[{"start":{"line":72,"column":18},"end":{"line":72,"column":41}},{"start":{"line":72,"column":45},"end":{"line":72,"column":46}}]},"7":{"line":87,"type":"if","locations":[{"start":{"line":87,"column":8},"end":{"line":87,"column":8}},{"start":{"line":87,"column":8},"end":{"line":87,"column":8}}]},"8":{"line":89,"type":"if","locations":[{"start":{"line":89,"column":13},"end":{"line":89,"column":13}},{"start":{"line":89,"column":13},"end":{"line":89,"column":13}}]},"9":{"line":106,"type":"if","locations":[{"start":{"line":106,"column":8},"end":{"line":106,"column":8}},{"start":{"line":106,"column":8},"end":{"line":106,"column":8}}]},"10":{"line":110,"type":"if","locations":[{"start":{"line":110,"column":12},"end":{"line":110,"column":12}},{"start":{"line":110,"column":12},"end":{"line":110,"column":12}}]},"11":{"line":171,"type":"if","locations":[{"start":{"line":171,"column":0},"end":{"line":171,"column":0}},{"start":{"line":171,"column":0},"end":{"line":171,"column":0}}]},"12":{"line":184,"type":"if","locations":[{"start":{"line":184,"column":0},"end":{"line":184,"column":0}},{"start":{"line":184,"column":0},"end":{"line":184,"column":0}}]},"13":{"line":227,"type":"cond-expr","locations":[{"start":{"line":227,"column":31},"end":{"line":227,"column":34}},{"start":{"line":227,"column":37},"end":{"line":227,"column":40}}]},"14":{"line":232,"type":"cond-expr","locations":[{"start":{"line":232,"column":31},"end":{"line":232,"column":34}},{"start":{"line":232,"column":37},"end":{"line":232,"column":40}}]}},"code":["/*"," * $Id: base64.js,v 1.7 2012/08/23 10:30:18 dankogai Exp dankogai $"," *"," *  Licensed under the MIT license."," *  http://www.opensource.org/licenses/mit-license.php"," *"," *  References:"," *    http://en.wikipedia.org/wiki/Base64"," */","","(function(global){","","var b64chars","    = 'ABCDEFGHIJKLMNOPQRSTUVWXYZabcdefghijklmnopqrstuvwxyz0123456789+/';","","var b64charcodes = function(){","    var a = [];","    var codeA = 'A'.charCodeAt(0);","    var codea = 'a'.charCodeAt(0);","    var code0 = '0'.charCodeAt(0);","    for (var i = 0; i < 26; i ++) a.push(codeA + i);","    for (var i = 0; i < 26; i ++) a.push(codea + i);","    for (var i = 0; i < 10; i ++) a.push(code0 + i);","    a.push('+'.charCodeAt(0));","    a.push('/'.charCodeAt(0));","    return a;","}();","","var b64tab = function(bin){","    var t = {};","    for (var i = 0, l = bin.length; i < l; i++) t[bin.charAt(i)] = i;","    return t;","}(b64chars);","","var stringToArray = function(s){","    var a = [];","    for (var i = 0, l = s.length; i < l; i ++) a[i] = s.charCodeAt(i);","    return a;","};","","var convertUTF8ArrayToBase64 = function(bin){","    var padlen = 0;","    while (bin.length % 3){","        bin.push(0);","        padlen++;","    };","    var b64 = [];","    for (var i = 0, l = bin.length; i < l; i += 3){","        var c0 = bin[i], c1 = bin[i+1], c2 = bin[i+2];","        if (c0 >= 256 || c1 >= 256 || c2 >= 256)","            throw 'unsupported character found';","        var n = (c0 << 16) | (c1 << 8) | c2;","        b64.push(","            b64charcodes[ n >>> 18],","            b64charcodes[(n >>> 12) & 63],","            b64charcodes[(n >>>  6) & 63],","            b64charcodes[ n         & 63]","        );","    }","    while (padlen--) b64[b64.length - padlen - 1] = '='.charCodeAt(0);","    return chunkStringFromCharCodeApply(b64);","};","","var convertBase64ToUTF8Array = function(b64){","    b64 = b64.replace(/[^A-Za-z0-9+\\/]+/g, '');","    var bin = [];","    var padlen = b64.length % 4;","    for (var i = 0, l = b64.length; i < l; i += 4){","        var n = ((b64tab[b64.charAt(i  )] || 0) << 18)","            |   ((b64tab[b64.charAt(i+1)] || 0) << 12)","            |   ((b64tab[b64.charAt(i+2)] || 0) <<  6)","            |   ((b64tab[b64.charAt(i+3)] || 0));","        bin.push(","            (  n >> 16 ),","            ( (n >>  8) & 0xff ),","            (  n        & 0xff )","        );","    }","    bin.length -= [0,0,2,1][padlen];","    return bin;","};","","var convertUTF16ArrayToUTF8Array = function(uni){","    var bin = [];","    for (var i = 0, l = uni.length; i < l; i++){","        var n = uni[i];","        if (n < 0x80)","            bin.push(n);","        else if (n < 0x800)","            bin.push(","                0xc0 | (n >>>  6),","                0x80 | (n & 0x3f));","        else","            bin.push(","                0xe0 | ((n >>> 12) & 0x0f),","                0x80 | ((n >>>  6) & 0x3f),","                0x80 |  (n         & 0x3f));","    }","    return bin;","};","","var convertUTF8ArrayToUTF16Array = function(bin){","    var uni = [];","    for (var i = 0, l = bin.length; i < l; i++){","        var c0 = bin[i];","        if    (c0 < 0x80){","            uni.push(c0);","        }else{","            var c1 = bin[++i];","            if (c0 < 0xe0){","                uni.push(((c0 & 0x1f) << 6) | (c1 & 0x3f));","            }else{","                var c2 = bin[++i];","                uni.push(","                       ((c0 & 0x0f) << 12) | ((c1 & 0x3f) << 6) | (c2 & 0x3f)","                );","            }","        }","    }","    return uni;","};","","var convertUTF8StringToBase64 = function(bin){","    return convertUTF8ArrayToBase64(stringToArray(bin));","};","","var convertBase64ToUTF8String = function(b64){","    return chunkStringFromCharCodeApply(convertBase64ToUTF8Array(b64));","};","","var convertUTF8StringToUTF16Array = function(bin){","    return convertUTF8ArrayToUTF16Array(stringToArray(bin));","};","","var convertUTF8ArrayToUTF16String = function(bin){","    return chunkStringFromCharCodeApply(convertUTF8ArrayToUTF16Array(bin));","};","","var convertUTF8StringToUTF16String = function(bin){","    return chunkStringFromCharCodeApply(","        convertUTF8ArrayToUTF16Array(stringToArray(bin))","    );","};","","var convertUTF16StringToUTF8Array = function(uni){","    return convertUTF16ArrayToUTF8Array(stringToArray(uni));","};","","var convertUTF16ArrayToUTF8String = function(uni){","    return chunkStringFromCharCodeApply(convertUTF16ArrayToUTF8Array(uni));","};","","var convertUTF16StringToUTF8String = function(uni){","    return chunkStringFromCharCodeApply(","        convertUTF16ArrayToUTF8Array(stringToArray(uni))","    );","};","","/*"," * String.fromCharCode.apply will only handle arrays as big as 65536, "," * after that it'll return a truncated string with no warning."," */","var chunkStringFromCharCodeApply = function(arr){","    var strs = [], i;","    for (i = 0; i < arr.length; i += 65536){","        strs.push(String.fromCharCode.apply(String, arr.slice(i, i+65536)));","    }","    return strs.join('');","};","","if (global.btoa){","    var btoa = global.btoa;","    var convertUTF16StringToBase64 = function (uni){","        return btoa(convertUTF16StringToUTF8String(uni));","    };","}","else {","    var btoa = convertUTF8StringToBase64;","    var convertUTF16StringToBase64 = function (uni){","        return convertUTF8ArrayToBase64(convertUTF16StringToUTF8Array(uni));","    };","}","","if (global.atob){","    var atob = global.atob;","    var convertBase64ToUTF16String = function (b64){","        return convertUTF8StringToUTF16String(atob(b64));","    };","}","else {","    var atob = convertBase64ToUTF8String;","    var convertBase64ToUTF16String = function (b64){","        return convertUTF8ArrayToUTF16String(convertBase64ToUTF8Array(b64));","    };","}","","global.Base64 = {","    convertUTF8ArrayToBase64:convertUTF8ArrayToBase64,","    convertByteArrayToBase64:convertUTF8ArrayToBase64,","    convertBase64ToUTF8Array:convertBase64ToUTF8Array,","    convertBase64ToByteArray:convertBase64ToUTF8Array,","    convertUTF16ArrayToUTF8Array:convertUTF16ArrayToUTF8Array,","    convertUTF16ArrayToByteArray:convertUTF16ArrayToUTF8Array,","    convertUTF8ArrayToUTF16Array:convertUTF8ArrayToUTF16Array,","    convertByteArrayToUTF16Array:convertUTF8ArrayToUTF16Array,","    convertUTF8StringToBase64:convertUTF8StringToBase64,","    convertBase64ToUTF8String:convertBase64ToUTF8String,","    convertUTF8StringToUTF16Array:convertUTF8StringToUTF16Array,","    convertUTF8ArrayToUTF16String:convertUTF8ArrayToUTF16String,","    convertByteArrayToUTF16String:convertUTF8ArrayToUTF16String,","    convertUTF8StringToUTF16String:convertUTF8StringToUTF16String,","    convertUTF16StringToUTF8Array:convertUTF16StringToUTF8Array,","    convertUTF16StringToByteArray:convertUTF16StringToUTF8Array,","    convertUTF16ArrayToUTF8String:convertUTF16ArrayToUTF8String,","    convertUTF16StringToUTF8String:convertUTF16StringToUTF8String,","    convertUTF16StringToBase64:convertUTF16StringToBase64,","    convertBase64ToUTF16String:convertBase64ToUTF16String,","    fromBase64:convertBase64ToUTF8String,","    toBase64:convertUTF8StringToBase64,","    atob:atob,","    btoa:btoa,","    utob:convertUTF16StringToUTF8String,","    btou:convertUTF8StringToUTF16String,","    encode:convertUTF16StringToBase64,","    encodeURI:function(u){","        return convertUTF16StringToBase64(u).replace(/[+\\/]/g, function(m0){","            return m0 == '+' ? '-' : '_';","        }).replace(/=+$/, '');","    },","    decode:function(a){","        return convertBase64ToUTF16String(a.replace(/[-_]/g, function(m0){","            return m0 == '-' ? '+' : '/';","        }));","    }","};","","})(this);",""],"l":{"11":1,"13":1,"16":1,"17":1,"18":1,"19":1,"20":1,"21":26,"22":26,"23":10,"24":1,"25":1,"26":1,"29":1,"30":1,"31":64,"32":1,"35":1,"36":0,"37":0,"38":0,"41":1,"42":0,"43":0,"44":0,"45":0,"47":0,"48":0,"49":0,"50":0,"51":0,"52":0,"53":0,"60":0,"61":0,"64":1,"65":0,"66":0,"67":0,"68":0,"69":0,"73":0,"79":0,"80":0,"83":1,"84":0,"85":0,"86":0,"87":0,"88":0,"89":0,"90":0,"94":0,"99":0,"102":1,"103":0,"104":0,"105":0,"106":0,"107":0,"109":0,"110":0,"111":0,"113":0,"114":0,"120":0,"123":1,"124":0,"127":1,"128":0,"131":1,"132":0,"135":1,"136":0,"139":1,"140":0,"145":1,"146":0,"149":1,"150":0,"153":1,"154":0,"163":1,"164":0,"165":0,"166":0,"168":0,"171":1,"172":0,"173":0,"174":0,"178":1,"179":1,"180":0,"184":1,"185":0,"186":0,"187":0,"191":1,"192":1,"193":0,"197":1,"226":0,"227":0,"231":0,"232":0}}}